=== 延迟检测日志 | 2026-03-25 02:14:16.325163 ===
[2026-03-25 02:14:16.326] 真·异步并发开始 | 并发=20
[2026-03-25 02:14:16.328] 开始 | 端口=53000 | AE_8cad3_0001
[2026-03-25 02:14:16.332] 开始 | 端口=53001 | AT_8cad3_0002
[2026-03-25 02:14:16.334] 开始 | 端口=53002 | AU_8cad3_0003
[2026-03-25 02:14:16.336] 开始 | 端口=53003 | AU_8cad3_0004
[2026-03-25 02:14:16.338] 开始 | 端口=53004 | CH_8cad3_0005
[2026-03-25 02:14:16.340] 开始 | 端口=53005 | CZ_8cad3_0006
[2026-03-25 02:14:16.345] 开始 | 端口=53006 | DE_8cad3_0007
[2026-03-25 02:14:16.350] 开始 | 端口=53007 | FI_8cad3_0008
[2026-03-25 02:14:16.353] 开始 | 端口=53008 | GB_8cad3_0009
[2026-03-25 02:14:16.358] 开始 | 端口=53009 | HK_8cad3_0010
[2026-03-25 02:14:16.365] 开始 | 端口=53010 | IE_8cad3_0012
[2026-03-25 02:14:16.370] 开始 | 端口=53011 | IR_8cad3_0013
[2026-03-25 02:14:16.376] 开始 | 端口=53012 | JP_8cad3_0014
[2026-03-25 02:14:16.383] 开始 | 端口=53013 | JP_8cad3_0015
[2026-03-25 02:14:16.392] 开始 | 端口=53014 | KR_8cad3_0016
[2026-03-25 02:14:16.411] 开始 | 端口=53015 | KR_8cad3_0018
[2026-03-25 02:14:16.416] 开始 | 端口=53016 | KR_8cad3_0019
[2026-03-25 02:14:16.445] 开始 | 端口=53017 | KR_8cad3_0020
[2026-03-25 02:14:16.460] 开始 | 端口=53018 | KR_8cad3_0021
[2026-03-25 02:14:16.470] 开始 | 端口=53019 | KR_8cad3_0022
[2026-03-25 02:14:16.474] 开始 | 端口=53020 | KR_8cad3_0023
[2026-03-25 02:14:16.480] 开始 | 端口=53021 | KR_8cad3_0024
[2026-03-25 02:14:16.494] 开始 | 端口=53022 | KR_8cad3_0025
[2026-03-25 02:14:16.500] 开始 | 端口=53023 | KR_8cad3_0026
[2026-03-25 02:14:16.512] 开始 | 端口=53024 | KR_8cad3_0027
[2026-03-25 02:14:16.529] 开始 | 端口=53025 | MD_8cad3_0028
[2026-03-25 02:14:16.533] 开始 | 端口=53026 | PL_8cad3_0029
[2026-03-25 02:14:16.539] 开始 | 端口=53027 | PL_8cad3_0030
[2026-03-25 02:14:16.546] 开始 | 端口=53028 | RU_8cad3_0033
[2026-03-25 02:14:16.552] 开始 | 端口=53029 | SG_8cad3_0034
[2026-03-25 02:14:16.559] 开始 | 端口=53030 | SG_8cad3_0035
[2026-03-25 02:14:16.566] 开始 | 端口=53031 | TW_8cad3_0036
[2026-03-25 02:14:16.587] 开始 | 端口=53032 | US_8cad3_0037
[2026-03-25 02:14:16.592] 开始 | 端口=53033 | US_8cad3_0038
[2026-03-25 02:14:16.610] 开始 | 端口=53034 | US_8cad3_0039
[2026-03-25 02:14:16.623] 开始 | 端口=53035 | US_8cad3_0040
[2026-03-25 02:14:16.629] 开始 | 端口=53036 | US_8cad3_0041
[2026-03-25 02:14:16.635] 开始 | 端口=53037 | US_8cad3_0042
[2026-03-25 02:14:16.640] 开始 | 端口=53038 | US_8cad3_0043
[2026-03-25 02:14:16.646] 开始 | 端口=53039 | US_8cad3_0044
[2026-03-25 02:14:16.650] 开始 | 端口=53040 | US_8cad3_0045
[2026-03-25 02:14:16.654] 开始 | 端口=53041 | US_8cad3_0046
[2026-03-25 02:14:16.658] 开始 | 端口=53042 | US_8cad3_0047
[2026-03-25 02:14:16.663] 开始 | 端口=53043 | US_8cad3_0048
[2026-03-25 02:14:16.668] 开始 | 端口=53044 | US_8cad3_0049
[2026-03-25 02:14:16.680] 开始 | 端口=53045 | US_8cad3_0050
[2026-03-25 02:14:16.685] 开始 | 端口=53046 | US_8cad3_0051
[2026-03-25 02:14:16.691] 开始 | 端口=53047 | US_8cad3_0052
[2026-03-25 02:14:16.694] 开始 | 端口=53048 | US_8cad3_0053
[2026-03-25 02:14:16.700] 开始 | 端口=53049 | US_8cad3_0054
[2026-03-25 02:14:16.708] 开始 | 端口=53050 | US_8cad3_0055
[2026-03-25 02:14:16.712] 开始 | 端口=53051 | US_8cad3_0056
[2026-03-25 02:14:16.715] 开始 | 端口=53052 | US_8cad3_0057
[2026-03-25 02:14:16.719] 开始 | 端口=53053 | US_8cad3_0059
[2026-03-25 02:14:16.723] 开始 | 端口=53054 | US_8cad3_0060
[2026-03-25 02:14:16.727] 开始 | 端口=53055 | US_8cad3_0065
[2026-03-25 02:14:16.729] 开始 | 端口=53056 | US_8cad3_0066
[2026-03-25 02:14:16.733] 开始 | 端口=53057 | US_8cad3_0067
[2026-03-25 02:14:16.736] 开始 | 端口=53058 | US_8cad3_0068
[2026-03-25 02:14:16.739] 开始 | 端口=53059 | US_8cad3_0069
[2026-03-25 02:14:16.742] 开始 | 端口=53060 | US_8cad3_0070
[2026-03-25 02:14:16.745] 开始 | 端口=53061 | GOOGLE 01
[2026-03-25 02:14:16.748] 开始 | 端口=53062 | GOOGLE 02
[2026-03-25 02:14:16.751] 开始 | 端口=53063 | GOOGLE 08
[2026-03-25 02:14:16.754] 开始 | 端口=53064 | 🇩🇪 德国 | DEU
[2026-03-25 02:14:16.757] 开始 | 端口=53065 | 🇩🇪 德国 | DEU 3
[2026-03-25 02:14:16.760] 开始 | 端口=53066 | 🇩🇪 德国 | DEU 4
[2026-03-25 02:14:16.763] 开始 | 端口=53067 | 🇯🇵 日本 | JPN
[2026-03-25 02:14:16.766] 开始 | 端口=53068 | 🇯🇵 日本 | JPN 2
[2026-03-25 02:14:16.769] 开始 | 端口=53069 | 🇯🇵 日本 | JPN 3
[2026-03-25 02:14:16.772] 开始 | 端口=53070 | 🇯🇵 日本 | JPN 4
[2026-03-25 02:14:16.775] 开始 | 端口=53071 | 🇯🇵 日本 | JPN 5
[2026-03-25 02:14:16.778] 开始 | 端口=53072 | 🇯🇵 日本 | JPN 6
[2026-03-25 02:14:16.781] 开始 | 端口=53073 | 🇯🇵 日本 | JPN 7
[2026-03-25 02:14:16.783] 开始 | 端口=53074 | 🇵🇹 葡萄牙 | PRT
[2026-03-25 02:14:16.786] 开始 | 端口=53075 | 🇸🇪 瑞典 | SWE
[2026-03-25 02:14:16.789] 开始 | 端口=53076 | 🇸🇬 新加坡 | SGP
[2026-03-25 02:14:16.792] 开始 | 端口=53077 | 🇹🇷 土耳其 | TUR
[2026-03-25 02:14:16.795] 开始 | 端口=53078 | 🇺🇸 美国 | USA 6
[2026-03-25 02:14:16.798] 开始 | 端口=53079 | 🇺🇸 美国 | USA 7
[2026-03-25 02:14:16.800] 开始 | 端口=53080 | 🇺🇸 美国 | USA 8
[2026-03-25 02:14:16.803] 开始 | 端口=53081 | 🇺🇸 美国 | USA 10
[2026-03-25 02:14:16.807] 开始 | 端口=53082 | 🇻🇳 越南 | VNM
[2026-03-25 02:14:16.810] 开始 | 端口=53083 | 🇻🇳 越南 | VNM 2
[2026-03-25 02:14:16.813] 开始 | 端口=53084 | 🇿🇦 南非 | ZAF
[2026-03-25 02:14:16.816] 开始 | 端口=53085 | 爱尔兰 - 都柏林 - 1
[2026-03-25 02:14:16.818] 开始 | 端口=53086 | 爱尔兰 - 都柏林 - 2
[2026-03-25 02:14:16.821] 开始 | 端口=53087 | 爱尔兰 - 都柏林 - 3
[2026-03-25 02:14:16.824] 开始 | 端口=53088 | 爱尔兰 - 都柏林 - 4
[2026-03-25 02:14:16.827] 开始 | 端口=53089 | 澳大利亚 - 悉尼 - 1
[2026-03-25 02:14:16.829] 开始 | 端口=53090 | 波兰 - 华沙 - 1
[2026-03-25 02:14:16.832] 开始 | 端口=53091 | 波兰 - 华沙 - 2
[2026-03-25 02:14:16.835] 开始 | 端口=53092 | 波兰 - 华沙 - 3
[2026-03-25 02:14:16.837] 开始 | 端口=53093 | 德国 - Frankfurt am Main - 1
[2026-03-25 02:14:16.840] 开始 | 端口=53094 | 法国 - 巴黎 - 1
[2026-03-25 02:14:16.842] 开始 | 端口=53095 | 法国 - 巴黎 - 2
[2026-03-25 02:14:16.843] 开始 | 端口=53096 | 法国 - 巴黎 - 3
[2026-03-25 02:14:16.846] 开始 | 端口=53097 | 法国 - 巴黎 - 4
[2026-03-25 02:14:16.847] 开始 | 端口=53098 | 法国 - 巴黎 - 5
[2026-03-25 02:14:16.849] 开始 | 端口=53099 | 韩国 - 首尔特别市 - 1
[2026-03-25 02:14:16.851] 开始 | 端口=53100 | 韩国 - 首尔特别市 - 2
[2026-03-25 02:14:16.852] 开始 | 端口=53101 | 韩国 - 首尔特别市 - 3
[2026-03-25 02:14:16.855] 开始 | 端口=53102 | 韩国 - 首尔特别市 - 4
[2026-03-25 02:14:16.857] 开始 | 端口=53103 | 韩国 - 首尔特别市 - 5
[2026-03-25 02:14:16.859] 开始 | 端口=53104 | 韩国 - 首尔特别市 - 6
[2026-03-25 02:14:16.861] 开始 | 端口=53105 | 克罗地亚 - 萨格勒布 - 1
[2026-03-25 02:14:16.863] 开始 | 端口=53106 | 美国 - 波特蘭 - 1
[2026-03-25 02:14:16.865] 开始 | 端口=53107 | 美国 - 波特蘭 - 3
[2026-03-25 02:14:16.867] 开始 | 端口=53108 | 美国 - 华盛顿特区 - 2
[2026-03-25 02:14:16.869] 开始 | 端口=53109 | 日本 - 东京 - 1
[2026-03-25 02:14:16.870] 开始 | 端口=53110 | 日本 - 东京 - 10
[2026-03-25 02:14:16.872] 开始 | 端口=53111 | 日本 - 东京 - 11
[2026-03-25 02:14:16.874] 开始 | 端口=53112 | 日本 - 东京 - 12
[2026-03-25 02:14:16.876] 开始 | 端口=53113 | 日本 - 东京 - 13
[2026-03-25 02:14:16.879] 开始 | 端口=53114 | 日本 - 东京 - 14
[2026-03-25 02:14:16.881] 开始 | 端口=53115 | 日本 - 东京 - 15
[2026-03-25 02:14:16.895] 开始 | 端口=53116 | 日本 - 东京 - 16
[2026-03-25 02:14:16.897] 开始 | 端口=53117 | 日本 - 东京 - 17
[2026-03-25 02:14:16.899] 开始 | 端口=53118 | 日本 - 东京 - 18
[2026-03-25 02:14:16.901] 开始 | 端口=53119 | 日本 - 东京 - 19
[2026-03-25 02:14:16.903] 开始 | 端口=53120 | 日本 - 东京 - 2
[2026-03-25 02:14:16.905] 开始 | 端口=53121 | 日本 - 东京 - 20
[2026-03-25 02:14:16.908] 开始 | 端口=53122 | 日本 - 东京 - 21
[2026-03-25 02:14:16.910] 开始 | 端口=53123 | 日本 - 东京 - 22
[2026-03-25 02:14:16.912] 开始 | 端口=53124 | 日本 - 东京 - 23
[2026-03-25 02:14:16.915] 开始 | 端口=53125 | 日本 - 东京 - 24
[2026-03-25 02:14:16.917] 开始 | 端口=53126 | 日本 - 东京 - 25
[2026-03-25 02:14:16.919] 开始 | 端口=53127 | 日本 - 东京 - 26
[2026-03-25 02:14:16.922] 开始 | 端口=53128 | 日本 - 东京 - 27
[2026-03-25 02:14:16.924] 开始 | 端口=53129 | 日本 - 东京 - 28
[2026-03-25 02:14:16.926] 开始 | 端口=53130 | 日本 - 东京 - 29
[2026-03-25 02:14:16.928] 开始 | 端口=53131 | 日本 - 东京 - 3
[2026-03-25 02:14:16.931] 开始 | 端口=53132 | 日本 - 东京 - 31
[2026-03-25 02:14:16.934] 开始 | 端口=53133 | 日本 - 东京 - 5
[2026-03-25 02:14:16.936] 开始 | 端口=53134 | 日本 - 东京 - 6
[2026-03-25 02:14:16.939] 开始 | 端口=53135 | 日本 - 东京 - 7
[2026-03-25 02:14:16.942] 开始 | 端口=53136 | 日本 - 东京 - 8
[2026-03-25 02:14:16.945] 开始 | 端口=53137 | 日本 - 东京 - 9
[2026-03-25 02:14:16.947] 开始 | 端口=53138 | 瑞典 - 斯德哥尔摩 - 1
[2026-03-25 02:14:16.950] 开始 | 端口=53139 | 西班牙 - 马德里 - 1
[2026-03-25 02:14:16.952] 开始 | 端口=53140 | 新加坡 - 新加坡 - 1
[2026-03-25 02:14:16.954] 开始 | 端口=53141 | 新加坡 - 新加坡 - 2
[2026-03-25 02:14:16.956] 开始 | 端口=53142 | 新加坡 - 新加坡 - 3
[2026-03-25 02:14:16.958] 开始 | 端口=53143 | 新加坡 - 新加坡 - 4
[2026-03-25 02:14:16.960] 开始 | 端口=53144 | 新加坡 - 新加坡 - 5
[2026-03-25 02:14:16.962] 开始 | 端口=53145 | 新加坡 - 新加坡 - 6
[2026-03-25 02:14:16.964] 开始 | 端口=53146 | 印度尼西亚 - Kresek - 1
[2026-03-25 02:14:16.966] 开始 | 端口=53147 | 越南 - Hải Dương - 1
[2026-03-25 02:14:16.968] 开始 | 端口=53148 | 越南 - Hải Dương - 10
[2026-03-25 02:14:16.970] 开始 | 端口=53149 | 越南 - Hải Dương - 11
[2026-03-25 02:14:16.972] 开始 | 端口=53150 | 越南 - Hải Dương - 2
[2026-03-25 02:14:16.975] 开始 | 端口=53151 | 越南 - Hải Dương - 3
[2026-03-25 02:14:16.977] 开始 | 端口=53152 | 越南 - Hải Dương - 4
[2026-03-25 02:14:16.979] 开始 | 端口=53153 | 越南 - Hải Dương - 5
[2026-03-25 02:14:16.981] 开始 | 端口=53154 | 越南 - Hải Dương - 6
[2026-03-25 02:14:16.982] 开始 | 端口=53155 | 越南 - Hải Dương - 7
[2026-03-25 02:14:16.985] 开始 | 端口=53156 | 越南 - Hải Dương - 8
[2026-03-25 02:14:16.987] 开始 | 端口=53157 | 越南 - Hải Dương - 9
[2026-03-25 02:14:16.989] 开始 | 端口=53158 | 中国 - 香港 - 1
[2026-03-25 02:14:16.992] 开始 | 端口=53159 | 中国 - 香港 - 2
[2026-03-25 02:14:16.993] 开始 | 端口=53160 | 中国 - 香港 - 3
[2026-03-25 02:14:16.995] 开始 | 端口=53161 | 中国 - 香港 - 4
[2026-03-25 02:14:16.997] 开始 | 端口=53162 | 中国 - 香港 - 5
[2026-03-25 02:14:17.000] 开始 | 端口=53163 | 中国 - 香港 - 6
[2026-03-25 02:14:17.001] 开始 | 端口=53164 | 中国 - 香港 - 7
[2026-03-25 02:14:17.003] 开始 | 端口=53165 | 中国 - 香港 - 8
[2026-03-25 02:14:17.006] 开始 | 端口=53166 | 中国 - 香港 - 9
[2026-03-25 02:14:17.008] 开始 | 端口=53167 | undefined - undefined - 1
[2026-03-25 02:14:17.010] 开始 | 端口=53168 | 未知
[2026-03-25 02:14:17.011] 开始 | 端口=53169 | 🇨🇳_CN_中国->🇺🇸_US_美国
[2026-03-25 02:14:17.013] 开始 | 端口=53170 | 🇩🇪_DE_德国
[2026-03-25 02:14:17.015] 开始 | 端口=53171 | 🇨🇳_CN_中国
[2026-03-25 02:14:17.017] 开始 | 端口=53172 | 未知_1
[2026-03-25 02:14:17.019] 开始 | 端口=53173 | 🇧🇬_BG_保加利亚
[2026-03-25 02:14:17.021] 开始 | 端口=53174 | 未知_2
[2026-03-25 02:14:17.023] 开始 | 端口=53175 | 未知_3
[2026-03-25 02:14:17.025] 开始 | 端口=53176 | 🇩🇪_DE_德国_1
[2026-03-25 02:14:17.027] 开始 | 端口=53177 | 未知_4
[2026-03-25 02:14:17.029] 开始 | 端口=53178 | 🇺🇸_US_美国->🇸🇨_SC_塞舌尔
[2026-03-25 02:14:17.031] 开始 | 端口=53179 | 🇨🇳_CN_中国_1
[2026-03-25 02:14:17.033] 开始 | 端口=53180 | 未知_5
[2026-03-25 02:14:17.035] 开始 | 端口=53181 | 🇳🇱_NL_荷兰->🇺🇸_US_美国
[2026-03-25 02:14:17.037] 开始 | 端口=53182 | 🇨🇳_CN_中国->🇺🇸_US_美国_1
[2026-03-25 02:14:17.040] 开始 | 端口=53183 | 未知_6
[2026-03-25 02:14:17.042] 开始 | 端口=53184 | 🇨🇿_CZ_捷克->🇷🇺_RU_俄罗斯
[2026-03-25 02:14:17.044] 开始 | 端口=53185 | 🇪🇸_ES_西班牙
[2026-03-25 02:14:17.046] 开始 | 端口=53186 | 未知_7
[2026-03-25 02:14:17.048] 开始 | 端口=53187 | 未知_8
[2026-03-25 02:14:17.050] 开始 | 端口=53188 | 🇺🇸_US_美国->🇸🇬_SG_新加坡
[2026-03-25 02:14:17.052] 开始 | 端口=53189 | 香港節點
[2026-03-25 02:14:17.054] 开始 | 端口=53190 | 美國
[2026-03-25 02:14:17.057] 开始 | 端口=53191 | 🇭🇰HK香港
[2026-03-25 02:14:17.059] 开始 | 端口=53192 | 新加坡
[2026-03-25 02:14:17.061] 开始 | 端口=53193 | 美國_1
[2026-03-25 02:14:17.063] 开始 | 端口=53194 | 🇸🇬SG新加坡節點
[2026-03-25 02:14:17.065] 开始 | 端口=53195 | 香港
[2026-03-25 02:14:17.067] 开始 | 端口=53196 | 🇺🇸US
[2026-03-25 02:14:17.069] 开始 | 端口=53197 | 日本
[2026-03-25 02:14:17.071] 开始 | 端口=53198 | 🇨🇳TW臺灣節點
[2026-03-25 02:14:17.074] 开始 | 端口=53199 | 🇯🇵JP
[2026-03-25 02:14:17.076] 开始 | 端口=53200 | 🇩🇪DE德國
[2026-03-25 02:14:17.078] 开始 | 端口=53201 | 德國
[2026-03-25 02:14:17.081] 开始 | 端口=53202 | 🇺🇸US_24
[2026-03-25 02:14:17.083] 开始 | 端口=53203 | 🇯🇵JP_1
[2026-03-25 02:14:17.085] 开始 | 端口=53204 | 香港_1
[2026-03-25 02:14:17.087] 开始 | 端口=53205 | 🇸🇬SG新加坡
[2026-03-25 02:14:17.089] 开始 | 端口=53206 | 美國_2
[2026-03-25 02:14:17.092] 开始 | 端口=53207 | 🇭🇰HK
[2026-03-25 02:14:17.094] 开始 | 端口=53208 | 🇯🇵JP日本節點
[2026-03-25 02:14:17.096] 开始 | 端口=53209 | 🇯🇵JP日本
[2026-03-25 02:14:17.098] 开始 | 端口=53210 | 🇯🇵JP_2
[2026-03-25 02:14:17.100] 开始 | 端口=53211 | 🇭🇰HK_1
[2026-03-25 02:14:17.101] 开始 | 端口=53212 | 🇺🇸US_297
[2026-03-25 02:14:17.103] 开始 | 端口=53213 | 🇺🇸US美國節點
[2026-03-25 02:14:17.106] 开始 | 端口=53214 | 韓國
[2026-03-25 02:14:17.108] 开始 | 端口=53215 | 🇮🇳IN印度
[2026-03-25 02:14:17.117] 开始 | 端口=53216 | 🇺🇸US_美國
[2026-03-25 02:14:17.119] 开始 | 端口=53217 | 🇩🇪DE德国
[2026-03-25 02:14:17.121] 开始 | 端口=53218 | 印度
[2026-03-25 02:14:17.124] 开始 | 端口=53219 | 德國_1
[2026-03-25 02:14:17.127] 开始 | 端口=53220 | 美國節點
[2026-03-25 02:14:17.129] 开始 | 端口=53221 | 🇺🇸US_美國_1
[2026-03-25 02:14:17.131] 开始 | 端口=53222 | 🇺🇸US_290
[2026-03-25 02:14:17.133] 开始 | 端口=53223 | 🇺🇸US_161
[2026-03-25 02:14:17.135] 开始 | 端口=53224 | 🇺🇸US美國
[2026-03-25 02:14:17.137] 开始 | 端口=53225 | 🇩🇪DE德國_1
[2026-03-25 02:14:17.140] 开始 | 端口=53226 | 瑞典🇸🇪SE
[2026-03-25 02:14:17.142] 开始 | 端口=53227 | 🇺🇸US_27
[2026-03-25 02:14:17.144] 开始 | 端口=53228 | 美國🇺🇸US
[2026-03-25 02:14:17.146] 开始 | 端口=53229 | 🇸🇪SE瑞典節點
[2026-03-25 02:14:17.148] 开始 | 端口=53230 | 韓國節點
[2026-03-25 02:14:17.150] 开始 | 端口=53231 | 🇰🇷KR韓國
[2026-03-25 02:14:17.152] 开始 | 端口=53232 | 🇩🇪DE
[2026-03-25 02:14:17.154] 开始 | 端口=53233 | 🇩🇪DE德国_1
[2026-03-25 02:14:17.156] 开始 | 端口=53234 | 🇺🇸US_56
[2026-03-25 02:14:17.159] 开始 | 端口=53235 | 🇺🇸US_243
[2026-03-25 02:14:17.161] 开始 | 端口=53236 | 🇺🇸US_1
[2026-03-25 02:14:17.163] 开始 | 端口=53237 | 🇺🇸US_235
[2026-03-25 02:14:17.165] 开始 | 端口=53238 | 🇩🇪DE_1
[2026-03-25 02:14:17.167] 开始 | 端口=53239 | 🇺🇸US_2
[2026-03-25 02:14:17.170] 开始 | 端口=53240 | 德國_2
[2026-03-25 02:14:17.172] 开始 | 端口=53241 | 🇺🇸US_133
[2026-03-25 02:14:17.175] 开始 | 端口=53242 | 🇸🇬SG新加坡節點_1
[2026-03-25 02:14:17.177] 开始 | 端口=53243 | 🇱🇻LV拉脫維亞
[2026-03-25 02:14:17.179] 开始 | 端口=53244 | 德國🇩🇪DE
[2026-03-25 02:14:17.181] 开始 | 端口=53245 | 🇦🇺_AU_澳大利亚->🇸🇬_SG_新加坡
[2026-03-25 02:14:17.183] 开始 | 端口=53246 | 🇩🇪DE_2
[2026-03-25 02:14:17.186] 开始 | 端口=53247 | 美國節點_1
[2026-03-25 02:14:17.188] 开始 | 端口=53248 | 🇩🇪DE_3
[2026-03-25 02:14:17.191] 开始 | 端口=53249 | 韓國_1
[2026-03-25 02:14:17.193] 开始 | 端口=53250 | 🇩🇪DE_4
[2026-03-25 02:14:17.195] 开始 | 端口=53251 | 美國節點_2
[2026-03-25 02:14:17.197] 开始 | 端口=53252 | 🇯🇵JP日本_1
[2026-03-25 02:14:17.199] 开始 | 端口=53253 | 🇩🇪DE_5
[2026-03-25 02:14:17.201] 开始 | 端口=53254 | 🇨🇦CA加拿大節點
[2026-03-25 02:14:17.204] 开始 | 端口=53255 | 荷蘭🇳🇱NL
[2026-03-25 02:14:17.206] 开始 | 端口=53256 | 🇩🇪DE_6
[2026-03-25 02:14:17.208] 开始 | 端口=53257 | 芬蘭
[2026-03-25 02:14:17.210] 开始 | 端口=53258 | 🇩🇪DE_7
[2026-03-25 02:14:17.212] 开始 | 端口=53259 | 🇻🇳VN越南
[2026-03-25 02:14:17.213] 开始 | 端口=53260 | 🇳🇱NL荷蘭
[2026-03-25 02:14:17.217] 开始 | 端口=53261 | 🇩🇪DE_8
[2026-03-25 02:14:17.219] 开始 | 端口=53262 | 🇩🇪DE_9
[2026-03-25 02:14:17.225] 开始 | 端口=53263 | 拉脫維亞節點
[2026-03-25 02:14:17.229] 开始 | 端口=53264 | 🇩🇪DE_10
[2026-03-25 02:14:17.233] 开始 | 端口=53265 | 拉脫維亞
[2026-03-25 02:14:17.238] 开始 | 端口=53266 | 美国
[2026-03-25 02:14:17.243] 开始 | 端口=53267 | 拉脫維亞_1
[2026-03-25 02:14:17.248] 开始 | 端口=53268 | 🇱🇻LV拉脫維亞_1
[2026-03-25 02:14:17.252] 开始 | 端口=53269 | 🇮🇳IN印度節點
[2026-03-25 02:14:17.259] 开始 | 端口=53270 | 🇯🇵JP_3
[2026-03-25 02:14:17.308] 开始 | 端口=53271 | 德國_3
[2026-03-25 02:14:17.312] 开始 | 端口=53272 | 🇩🇪DE_11
[2026-03-25 02:14:17.319] 开始 | 端口=53273 | 🇩🇪DE_12
[2026-03-25 02:14:17.326] 开始 | 端口=53274 | 🇩🇪DE_13
[2026-03-25 02:14:17.331] 开始 | 端口=53275 | 🇩🇪DE_14
[2026-03-25 02:14:17.337] 开始 | 端口=53276 | 🇨🇳TW
[2026-03-25 02:14:17.342] 开始 | 端口=53277 | 韓國節點_1
[2026-03-25 02:14:17.353] 开始 | 端口=53278 | 🇯🇵JP_4
[2026-03-25 02:14:17.360] 开始 | 端口=53279 | 🇯🇵JP_5
[2026-03-25 02:14:17.365] 开始 | 端口=53280 | 亚太地区
[2026-03-25 02:14:17.384] 开始 | 端口=53281 | 🇯🇵JP_7
[2026-03-25 02:14:17.407] 开始 | 端口=53282 | 美國節點_3
[2026-03-25 02:14:17.437] 开始 | 端口=53283 | 伊朗
[2026-03-25 02:14:17.443] 开始 | 端口=53284 | 美國_4
[2026-03-25 02:14:17.449] 开始 | 端口=53285 | 🇭🇰HK香港節點
[2026-03-25 02:14:17.453] 开始 | 端口=53286 | 🇮🇳IN印度節點_1
[2026-03-25 02:14:17.459] 开始 | 端口=53287 | 🇰🇷KR韓國_1
[2026-03-25 02:14:17.467] 开始 | 端口=53288 | 🇰🇷KR
[2026-03-25 02:14:17.501] 开始 | 端口=53289 | 日本_1
[2026-03-25 02:14:17.509] 开始 | 端口=53290 | 日本節點
[2026-03-25 02:14:17.512] 开始 | 端口=53291 | 韓國_2
[2026-03-25 02:14:17.522] 开始 | 端口=53292 | 🇯🇵JP_8
[2026-03-25 02:14:17.526] 开始 | 端口=53293 | 🇰🇷KR_1
[2026-03-25 02:14:17.531] 开始 | 端口=53294 | 臺灣
[2026-03-25 02:14:17.537] 开始 | 端口=53295 | 🇰🇷KR_2
[2026-03-25 02:14:17.542] 开始 | 端口=53296 | 🇰🇷KR_3
[2026-03-25 02:14:17.548] 开始 | 端口=53297 | 印度_1
[2026-03-25 02:14:17.552] 开始 | 端口=53298 | 🇰🇷KR_4
[2026-03-25 02:14:17.557] 开始 | 端口=53299 | 韓國_3
[2026-03-25 02:14:17.565] 开始 | 端口=53300 | 🇰🇷KR_5
[2026-03-25 02:14:17.574] 开始 | 端口=53301 | 新加坡_2
[2026-03-25 02:14:17.579] 开始 | 端口=53302 | US美国(mibei77.com 米贝节点分享)
[2026-03-25 02:14:17.584] 开始 | 端口=53303 | US美国(mibei77.com 米贝节点分享) 2
[2026-03-25 02:14:17.590] 开始 | 端口=53304 | US美国(mibei77.com 米贝节点分享) 4
[2026-03-25 02:14:17.594] 开始 | 端口=53305 | US美国(mibei77.com 米贝节点分享) 6
[2026-03-25 02:14:17.597] 开始 | 端口=53306 | FR法国(mibei77.com 米贝节点分享)
[2026-03-25 02:14:17.601] 开始 | 端口=53307 | FR法国(mibei77.com 米贝节点分享) 2
[2026-03-25 02:14:17.607] 开始 | 端口=53308 | US美国(mibei77.com 米贝节点分享) 7
[2026-03-25 02:14:17.609] 开始 | 端口=53309 | US美国(mibei77.com 米贝节点分享) 8
[2026-03-25 02:14:17.612] 开始 | 端口=53310 | HK香港(mibei77.com 米贝节点分享)
[2026-03-25 02:14:17.616] 开始 | 端口=53311 | US美国(mibei77.com 米贝节点分享) 10
[2026-03-25 02:14:17.619] 开始 | 端口=53312 | US美国(mibei77.com 米贝节点分享) 12
[2026-03-25 02:14:17.622] 开始 | 端口=53313 | HK香港(mibei77.com 米贝节点分享) 2
[2026-03-25 02:14:17.625] 开始 | 端口=53314 | HK香港(mibei77.com 米贝节点分享) 3
[2026-03-25 02:14:17.628] 开始 | 端口=53315 | US美国(mibei77.com 米贝节点分享) 13
[2026-03-25 02:14:17.631] 开始 | 端口=53316 | US美国(mibei77.com 米贝节点分享) 15
[2026-03-25 02:14:17.634] 开始 | 端口=53317 | HK香港(mibei77.com 米贝节点分享) 4
[2026-03-25 02:14:17.637] 开始 | 端口=53318 | HK香港(mibei77.com 米贝节点分享) 5
[2026-03-25 02:14:17.640] 开始 | 端口=53319 | US美国(mibei77.com 米贝节点分享) 17
[2026-03-25 02:14:17.642] 开始 | 端口=53320 | US美国(mibei77.com 米贝节点分享) 18
[2026-03-25 02:14:17.645] 开始 | 端口=53321 | US美国(mibei77.com 米贝节点分享) 19
[2026-03-25 02:14:17.649] 开始 | 端口=53322 | US美国(mibei77.com 米贝节点分享) 20
[2026-03-25 02:14:17.651] 开始 | 端口=53323 | HK香港(mibei77.com 米贝节点分享) 6
[2026-03-25 02:14:17.654] 开始 | 端口=53324 | US美国(mibei77.com 米贝节点分享) 24
[2026-03-25 02:14:17.657] 开始 | 端口=53325 | US美国(mibei77.com 米贝节点分享) 26
[2026-03-25 02:14:17.660] 开始 | 端口=53326 | US美国(mibei77.com 米贝节点分享) 27
[2026-03-25 02:14:17.663] 开始 | 端口=53327 | HK香港(mibei77.com 米贝节点分享) 7
[2026-03-25 02:14:17.666] 开始 | 端口=53328 | US美国(mibei77.com 米贝节点分享) 30
[2026-03-25 02:14:17.668] 开始 | 端口=53329 | US美国(mibei77.com 米贝节点分享) 31
[2026-03-25 02:14:17.671] 开始 | 端口=53330 | US美国(mibei77.com 米贝节点分享) 32
[2026-03-25 02:14:17.674] 开始 | 端口=53331 | HK香港(mibei77.com 米贝节点分享) 8
[2026-03-25 02:14:17.676] 开始 | 端口=53332 | HK香港(mibei77.com 米贝节点分享) 9
[2026-03-25 02:14:17.680] 开始 | 端口=53333 | HK香港(mibei77.com 米贝节点分享) 10
[2026-03-25 02:14:17.682] 开始 | 端口=53334 | US美国(mibei77.com 米贝节点分享) 36
[2026-03-25 02:14:17.684] 开始 | 端口=53335 | FR法国(mibei77.com 米贝节点分享) 5
[2026-03-25 02:14:17.686] 开始 | 端口=53336 | US美国(mibei77.com 米贝节点分享) 37
[2026-03-25 02:14:17.687] 开始 | 端口=53337 | US美国(mibei77.com 米贝节点分享) 38
[2026-03-25 02:14:17.690] 开始 | 端口=53338 | HK香港(mibei77.com 米贝节点分享) 11
[2026-03-25 02:14:17.692] 开始 | 端口=53339 | US美国(mibei77.com 米贝节点分享) 39
[2026-03-25 02:14:17.694] 开始 | 端口=53340 | HK香港(mibei77.com 米贝节点分享) 12
[2026-03-25 02:14:17.695] 开始 | 端口=53341 | FR法国(mibei77.com 米贝节点分享) 6
[2026-03-25 02:14:17.697] 开始 | 端口=53342 | HK香港(mibei77.com 米贝节点分享) 13
[2026-03-25 02:14:17.699] 开始 | 端口=53343 | US美国(mibei77.com 米贝节点分享) 44
[2026-03-25 02:14:17.701] 开始 | 端口=53344 | HK香港(mibei77.com 米贝节点分享) 14
[2026-03-25 02:14:17.703] 开始 | 端口=53345 | US美国(mibei77.com 米贝节点分享) 45
[2026-03-25 02:14:17.704] 开始 | 端口=53346 | US美国(mibei77.com 米贝节点分享) 46
[2026-03-25 02:14:17.708] 开始 | 端口=53347 | HK香港(mibei77.com 米贝节点分享) 15
[2026-03-25 02:14:17.709] 开始 | 端口=53348 | US美国(mibei77.com 米贝节点分享) 47
[2026-03-25 02:14:17.711] 开始 | 端口=53349 | AU澳大利亚(mibei77.com 米贝节点分享)
[2026-03-25 02:14:17.713] 开始 | 端口=53350 | US美国(mibei77.com 米贝节点分享) 49
[2026-03-25 02:14:17.714] 开始 | 端口=53351 | AU澳大利亚(mibei77.com 米贝节点分享) 2
[2026-03-25 02:14:17.716] 开始 | 端口=53352 | AU澳大利亚(mibei77.com 米贝节点分享) 3
[2026-03-25 02:14:17.718] 开始 | 端口=53353 | HK香港(mibei77.com 米贝节点分享) 16
[2026-03-25 02:14:17.719] 开始 | 端口=53354 | US美国(mibei77.com 米贝节点分享) 50
[2026-03-25 02:14:17.720] 开始 | 端口=53355 | HK香港(mibei77.com 米贝节点分享) 17
[2026-03-25 02:14:17.723] 开始 | 端口=53356 | HK香港(mibei77.com 米贝节点分享) 18
[2026-03-25 02:14:17.724] 开始 | 端口=53357 | FR法国(mibei77.com 米贝节点分享) 7
[2026-03-25 02:14:17.726] 开始 | 端口=53358 | FR法国(mibei77.com 米贝节点分享) 9
[2026-03-25 02:14:17.728] 开始 | 端口=53359 | FR法国(mibei77.com 米贝节点分享) 10
[2026-03-25 02:14:17.729] 开始 | 端口=53360 | US美国(mibei77.com 米贝节点分享) 55
[2026-03-25 02:14:17.731] 开始 | 端口=53361 | US美国(mibei77.com 米贝节点分享) 57
[2026-03-25 02:14:17.733] 开始 | 端口=53362 | FR法国(mibei77.com 米贝节点分享) 11
[2026-03-25 02:14:17.734] 开始 | 端口=53363 | FR法国(mibei77.com 米贝节点分享) 12
[2026-03-25 02:14:17.735] 开始 | 端口=53364 | HK香港(mibei77.com 米贝节点分享) 21
[2026-03-25 02:14:17.737] 开始 | 端口=53365 | AU澳大利亚(mibei77.com 米贝节点分享) 4
[2026-03-25 02:14:17.739] 开始 | 端口=53366 | AU澳大利亚(mibei77.com 米贝节点分享) 5
[2026-03-25 02:14:17.741] 开始 | 端口=53367 | US美国(mibei77.com 米贝节点分享) 60
[2026-03-25 02:14:17.743] 开始 | 端口=53368 | AU澳大利亚(mibei77.com 米贝节点分享) 6
[2026-03-25 02:14:17.744] 开始 | 端口=53369 | HK香港(mibei77.com 米贝节点分享) 22
[2026-03-25 02:14:17.746] 开始 | 端口=53370 | FR法国(mibei77.com 米贝节点分享) 14
[2026-03-25 02:14:17.747] 开始 | 端口=53371 | US美国(mibei77.com 米贝节点分享) 63
[2026-03-25 02:14:17.748] 开始 | 端口=53372 | AU澳大利亚(mibei77.com 米贝节点分享) 7
[2026-03-25 02:14:17.751] 开始 | 端口=53373 | HK香港(mibei77.com 米贝节点分享) 23
[2026-03-25 02:14:17.753] 开始 | 端口=53374 | US美国(mibei77.com 米贝节点分享) 64
[2026-03-25 02:14:17.755] 开始 | 端口=53375 | US美国(mibei77.com 米贝节点分享) 65
[2026-03-25 02:14:17.756] 开始 | 端口=53376 | HK香港(mibei77.com 米贝节点分享) 25
[2026-03-25 02:14:17.758] 开始 | 端口=53377 | AU澳大利亚(mibei77.com 米贝节点分享) 8
[2026-03-25 02:14:17.760] 开始 | 端口=53378 | US美国(mibei77.com 米贝节点分享) 68
[2026-03-25 02:14:17.762] 开始 | 端口=53379 | KR韩国(mibei77.com 米贝节点分享)
[2026-03-25 02:14:17.764] 开始 | 端口=53380 | FR法国(mibei77.com 米贝节点分享) 16
[2026-03-25 02:14:17.766] 开始 | 端口=53381 | US美国(mibei77.com 米贝节点分享) 72
[2026-03-25 02:14:17.767] 开始 | 端口=53382 | HK香港(mibei77.com 米贝节点分享) 26
[2026-03-25 02:14:17.768] 开始 | 端口=53383 | FR法国(mibei77.com 米贝节点分享) 17
[2026-03-25 02:14:17.770] 开始 | 端口=53384 | US美国(mibei77.com 米贝节点分享) 75
[2026-03-25 02:14:17.772] 开始 | 端口=53385 | US美国(mibei77.com 米贝节点分享) 76
[2026-03-25 02:14:17.773] 开始 | 端口=53386 | FR法国(mibei77.com 米贝节点分享) 18
[2026-03-25 02:14:17.775] 开始 | 端口=53387 | US美国(mibei77.com 米贝节点分享) 77
[2026-03-25 02:14:17.778] 开始 | 端口=53388 | FR法国(mibei77.com 米贝节点分享) 19
[2026-03-25 02:14:17.780] 开始 | 端口=53389 | US美国(mibei77.com 米贝节点分享) 82
[2026-03-25 02:14:17.781] 开始 | 端口=53390 | FR法国(mibei77.com 米贝节点分享) 20
[2026-03-25 02:14:17.783] 开始 | 端口=53391 | US美国(mibei77.com 米贝节点分享) 84
[2026-03-25 02:14:17.784] 开始 | 端口=53392 | 8元老牌专线机场：cczzuu.top
[2026-03-25 02:14:17.786] 开始 | 端口=53393 | 🇭🇰 香港|@stairnode
[2026-03-25 02:14:17.788] 开始 | 端口=53394 | 🇭🇰 香港3|@stairnode
[2026-03-25 02:14:17.790] 开始 | 端口=53395 | 🇭🇰 香港4|@stairnode
[2026-03-25 02:14:17.791] 开始 | 端口=53396 | 🇭🇰 香港5|@stairnode
[2026-03-25 02:14:17.793] 开始 | 端口=53397 | 🇯🇵 日本|@stairnode
[2026-03-25 02:14:17.795] 开始 | 端口=53398 | 🇯🇵 日本2|@stairnode
[2026-03-25 02:14:17.797] 开始 | 端口=53399 | 🇯🇵 日本3|@stairnode
[2026-03-25 02:14:17.799] 开始 | 端口=53400 | 🇸🇬 新加坡|@stairnode
[2026-03-25 02:14:17.800] 开始 | 端口=53401 | 🇸🇬 新加坡2|@stairnode
[2026-03-25 02:14:17.802] 开始 | 端口=53402 | 🇸🇬 新加坡3|@stairnode
[2026-03-25 02:14:17.804] 开始 | 端口=53403 | 🇺🇸 美国|@stairnode
[2026-03-25 02:14:17.806] 开始 | 端口=53404 | 🇺🇸 美国2|@stairnode
[2026-03-25 02:14:17.808] 开始 | 端口=53405 | 🇺🇸 美国3|@stairnode
[2026-03-25 02:14:17.811] 开始 | 端口=53406 | 🇺🇸_US_美国
[2026-03-25 02:14:17.813] 开始 | 端口=53407 | 🇩🇪_DE_德国
[2026-03-25 02:14:17.815] 开始 | 端口=53408 | 🇰🇷_KR_韩国->🇰🇵_KP_朝鲜
[2026-03-25 02:14:17.816] 开始 | 端口=53409 | 🇰🇷_KR_韩国
[2026-03-25 02:14:17.818] 开始 | 端口=53410 | 🇳🇱_NL_荷兰
[2026-03-25 02:14:17.822] 开始 | 端口=53411 | 🇨🇿_CZ_捷克->🇧🇬_BG_保加利亚
[2026-03-25 02:14:17.824] 开始 | 端口=53412 | 🇰🇷_KR_韩国_1
[2026-03-25 02:14:17.826] 开始 | 端口=53413 | 🇸🇦_SA_沙特阿拉伯
[2026-03-25 02:14:17.827] 开始 | 端口=53414 | 未知
[2026-03-25 02:14:17.828] 开始 | 端口=53415 | 🇰🇷_KR_韩国->🇰🇵_KP_朝鲜_1
[2026-03-25 02:14:17.830] 开始 | 端口=53416 | 🇳🇱_NL_荷兰_1
[2026-03-25 02:14:17.832] 开始 | 端口=53417 | 🇺🇸_US_美国_1
[2026-03-25 02:14:17.833] 开始 | 端口=53418 | 🇪🇸_ES_西班牙
[2026-03-25 02:14:17.836] 开始 | 端口=53419 | 🇰🇷_KR_韩国->🇰🇵_KP_朝鲜_2
[2026-03-25 02:14:17.838] 开始 | 端口=53420 | 🇺🇸_US_美国_2
[2026-03-25 02:14:17.840] 开始 | 端口=53421 | 未知_1
[2026-03-25 02:14:17.841] 开始 | 端口=53422 | 🇰🇷_KR_韩国_2
[2026-03-25 02:14:17.843] 开始 | 端口=53423 | 未知_2
[2026-03-25 02:14:17.845] 开始 | 端口=53424 | 🇰🇷_KR_韩国->🇰🇵_KP_朝鲜_3
[2026-03-25 02:14:17.847] 开始 | 端口=53425 | 🇩🇪_DE_德国_1
[2026-03-25 02:14:17.848] 开始 | 端口=53426 | 🇰🇷_KR_韩国->🇰🇵_KP_朝鲜_4
[2026-03-25 02:14:17.850] 开始 | 端口=53427 | 🇺🇸_US_美国_3
[2026-03-25 02:14:17.852] 开始 | 端口=53428 | 🇷🇺_RU_俄罗斯->🇺🇸_US_美国
[2026-03-25 02:14:17.854] 开始 | 端口=53429 | 🇳🇱_NL_荷兰->🇵🇱_PL_波兰
[2026-03-25 02:14:18.969] Xray 启动失败 | SG_8cad3_0035
[2026-03-25 02:14:19.104] ✅ 成功 | 2759ms | DE_8cad3_0007
[2026-03-25 02:14:20.374] 🔌 连接失败 | TW_8cad3_0036
[2026-03-25 02:14:20.620] 🔌 连接失败 | MD_8cad3_0028
[2026-03-25 02:14:21.073] 🔌 连接失败 | KR_8cad3_0020
[2026-03-25 02:14:21.334] 🔌 连接失败 | HK_8cad3_0010
[2026-03-25 02:14:21.416] Xray 启动失败 | 🇩🇪 德国 | DEU 3
[2026-03-25 02:14:21.432] Xray 启动失败 | 🇩🇪 德国 | DEU 4
[2026-03-25 02:14:21.795] Xray 启动失败 | 🇯🇵 日本 | JPN
[2026-03-25 02:14:21.801] Xray 启动失败 | 🇯🇵 日本 | JPN 3
[2026-03-25 02:14:21.882] Xray 启动失败 | 🇯🇵 日本 | JPN 5
[2026-03-25 02:14:21.884] Xray 启动失败 | 🇯🇵 日本 | JPN 2
[2026-03-25 02:14:22.043] Xray 启动失败 | 🇯🇵 日本 | JPN 7
[2026-03-25 02:14:22.068] Xray 启动失败 | 🇸🇪 瑞典 | SWE
[2026-03-25 02:14:22.189] Xray 启动失败 | 🇸🇬 新加坡 | SGP
[2026-03-25 02:14:22.202] Xray 启动失败 | 🇵🇹 葡萄牙 | PRT
[2026-03-25 02:14:22.210] 🔌 连接失败 | KR_8cad3_0022
[2026-03-25 02:14:22.218] Xray 启动失败 | 🇯🇵 日本 | JPN 6
[2026-03-25 02:14:22.261] 🔌 连接失败 | IE_8cad3_0012
[2026-03-25 02:14:22.275] 🔌 连接失败 | KR_8cad3_0025
[2026-03-25 02:14:22.290] 🔌 连接失败 | KR_8cad3_0024
[2026-03-25 02:14:22.346] 🔌 连接失败 | KR_8cad3_0019
[2026-03-25 02:14:22.350] 🔌 连接失败 | KR_8cad3_0023
[2026-03-25 02:14:22.508] 🔌 连接失败 | US_8cad3_0065
[2026-03-25 02:14:22.547] 🔌 连接失败 | US_8cad3_0068
[2026-03-25 02:14:22.736] Xray 启动失败 | 🇻🇳 越南 | VNM
[2026-03-25 02:14:22.774] Xray 启动失败 | 🇻🇳 越南 | VNM 2
[2026-03-25 02:14:22.807] Xray 启动失败 | 🇿🇦 南非 | ZAF
[2026-03-25 02:14:22.889] 🔌 连接失败 | AU_8cad3_0004
[2026-03-25 02:14:22.890] 🔌 连接失败 | AE_8cad3_0001
[2026-03-25 02:14:22.891] 🔌 连接失败 | AT_8cad3_0002
[2026-03-25 02:14:22.892] 🔌 连接失败 | GB_8cad3_0009
[2026-03-25 02:14:22.893] 🔌 连接失败 | IR_8cad3_0013
[2026-03-25 02:14:22.894] 🔌 连接失败 | AU_8cad3_0003
[2026-03-25 02:14:22.895] 🔌 连接失败 | CH_8cad3_0005
[2026-03-25 02:14:22.896] 🔌 连接失败 | FI_8cad3_0008
[2026-03-25 02:14:22.897] 🔌 连接失败 | CZ_8cad3_0006
[2026-03-25 02:14:23.058] 🔌 连接失败 | KR_8cad3_0016
[2026-03-25 02:14:23.060] 🔌 连接失败 | JP_8cad3_0015
[2026-03-25 02:14:23.061] 🔌 连接失败 | JP_8cad3_0014
[2026-03-25 02:14:23.121] 🔌 连接失败 | KR_8cad3_0021
[2026-03-25 02:14:23.130] 🔌 连接失败 | KR_8cad3_0018
[2026-03-25 02:14:23.174] 🔌 连接失败 | KR_8cad3_0026
[2026-03-25 02:14:23.318] 🔌 连接失败 | US_8cad3_0066
[2026-03-25 02:14:23.527] 🔌 连接失败 | US_8cad3_0040
[2026-03-25 02:14:23.549] 🔌 连接失败 | US_8cad3_0037
[2026-03-25 02:14:23.582] 🔌 连接失败 | 爱尔兰 - 都柏林 - 1
[2026-03-25 02:14:23.793] 🔌 连接失败 | 爱尔兰 - 都柏林 - 4
[2026-03-25 02:14:23.831] 🔌 连接失败 | 爱尔兰 - 都柏林 - 2
[2026-03-25 02:14:23.833] 🔌 连接失败 | US_8cad3_0038
[2026-03-25 02:14:23.897] 🔌 连接失败 | SG_8cad3_0034
[2026-03-25 02:14:23.898] 🔌 连接失败 | KR_8cad3_0027
[2026-03-25 02:14:23.913] 🔌 连接失败 | PL_8cad3_0030
[2026-03-25 02:14:23.950] 🔌 连接失败 | 波兰 - 华沙 - 1
[2026-03-25 02:14:23.998] 🔌 连接失败 | US_8cad3_0039
[2026-03-25 02:14:23.999] 🔌 连接失败 | PL_8cad3_0029
[2026-03-25 02:14:24.000] 🔌 连接失败 | RU_8cad3_0033
[2026-03-25 02:14:24.154] Xray 启动失败 | 韩国 - 首尔特别市 - 5
[2026-03-25 02:14:24.157] 🔌 连接失败 | 澳大利亚 - 悉尼 - 1
[2026-03-25 02:14:24.195] 🔌 连接失败 | 波兰 - 华沙 - 3
[2026-03-25 02:14:24.232] 🔌 连接失败 | 韩国 - 首尔特别市 - 4
[2026-03-25 02:14:24.235] 🔌 连接失败 | 波兰 - 华沙 - 2
[2026-03-25 02:14:24.250] Xray 启动失败 | 克罗地亚 - 萨格勒布 - 1
[2026-03-25 02:14:24.258] 🔌 连接失败 | 韩国 - 首尔特别市 - 2
[2026-03-25 02:14:24.268] 🔌 连接失败 | 法国 - 巴黎 - 3
[2026-03-25 02:14:24.311] 🔌 连接失败 | US_8cad3_0041
[2026-03-25 02:14:24.328] 🔌 连接失败 | 法国 - 巴黎 - 2
[2026-03-25 02:14:24.358] 🔌 连接失败 | US_8cad3_0042
[2026-03-25 02:14:24.380] 🔌 连接失败 | 德国 - Frankfurt am Main - 1
[2026-03-25 02:14:24.384] 🔌 连接失败 | 法国 - 巴黎 - 1
[2026-03-25 02:14:24.496] 🔌 连接失败 | US_8cad3_0047
[2026-03-25 02:14:24.662] 🔌 连接失败 | US_8cad3_0043
[2026-03-25 02:14:24.663] 🔌 连接失败 | 韩国 - 首尔特别市 - 6
[2026-03-25 02:14:24.719] 🔌 连接失败 | US_8cad3_0056
[2026-03-25 02:14:24.728] 🔌 连接失败 | 🇩🇪 德国 | DEU
[2026-03-25 02:14:24.805] 🔌 连接失败 | 日本 - 东京 - 1
[2026-03-25 02:14:24.845] 🔌 连接失败 | US_8cad3_0046
[2026-03-25 02:14:24.892] 🔌 连接失败 | US_8cad3_0045
[2026-03-25 02:14:24.893] 🔌 连接失败 | US_8cad3_0048
[2026-03-25 02:14:24.923] 🔌 连接失败 | US_8cad3_0044
[2026-03-25 02:14:24.961] 🔌 连接失败 | 日本 - 东京 - 10
[2026-03-25 02:14:24.962] 🔌 连接失败 | US_8cad3_0052
[2026-03-25 02:14:24.984] 🔌 连接失败 | US_8cad3_0051
[2026-03-25 02:14:24.985] 🔌 连接失败 | US_8cad3_0050
[2026-03-25 02:14:25.009] 🔌 连接失败 | US_8cad3_0049
[2026-03-25 02:14:25.057] 🔌 连接失败 | US_8cad3_0057
[2026-03-25 02:14:25.233] 🔌 连接失败 | 美国 - 波特蘭 - 1
[2026-03-25 02:14:25.238] 🔌 连接失败 | 美国 - 华盛顿特区 - 2
[2026-03-25 02:14:25.240] 🔌 连接失败 | 美国 - 波特蘭 - 3
[2026-03-25 02:14:25.242] 🔌 连接失败 | US_8cad3_0069
[2026-03-25 02:14:25.319] ✅ 成功 | 8527ms | 🇹🇷 土耳其 | TUR
[2026-03-25 02:14:25.410] 🔌 连接失败 | 日本 - 东京 - 16
[2026-03-25 02:14:25.430] 🔌 连接失败 | US_8cad3_0053
[2026-03-25 02:14:25.431] 🔌 连接失败 | US_8cad3_0055
[2026-03-25 02:14:25.433] 🔌 连接失败 | 日本 - 东京 - 15
[2026-03-25 02:14:25.459] 🔌 连接失败 | US_8cad3_0054
[2026-03-25 02:14:25.501] 🔌 连接失败 | 日本 - 东京 - 19
[2026-03-25 02:14:25.532] 🔌 连接失败 | 日本 - 东京 - 18
[2026-03-25 02:14:25.552] 🔌 连接失败 | 日本 - 东京 - 20
[2026-03-25 02:14:25.599] 🔌 连接失败 | 日本 - 东京 - 2
[2026-03-25 02:14:25.691] 🔌 连接失败 | US_8cad3_0059
[2026-03-25 02:14:25.692] 🔌 连接失败 | US_8cad3_0060
[2026-03-25 02:14:25.905] 🔌 连接失败 | 日本 - 东京 - 23
[2026-03-25 02:14:26.060] 🔌 连接失败 | US_8cad3_0067
[2026-03-25 02:14:26.113] 🔌 连接失败 | 日本 - 东京 - 26
[2026-03-25 02:14:26.217] Xray 启动失败 | 瑞典 - 斯德哥尔摩 - 1
[2026-03-25 02:14:26.245] 🔌 连接失败 | GOOGLE 01
[2026-03-25 02:14:26.246] 🔌 连接失败 | GOOGLE 02
[2026-03-25 02:14:26.290] 🔌 连接失败 | 日本 - 东京 - 27
[2026-03-25 02:14:26.321] 🔌 连接失败 | US_8cad3_0070
[2026-03-25 02:14:26.367] Xray 启动失败 | 西班牙 - 马德里 - 1
[2026-03-25 02:14:26.367] ⏱ 超时 | GOOGLE 08
[2026-03-25 02:14:26.448] 🔌 连接失败 | 日本 - 东京 - 5
[2026-03-25 02:14:26.496] 🔌 连接失败 | 日本 - 东京 - 7
[2026-03-25 02:14:26.586] 🔌 连接失败 | 日本 - 东京 - 9
[2026-03-25 02:14:26.719] 🔌 连接失败 | 🇺🇸 美国 | USA 10
[2026-03-25 02:14:26.828] Xray 启动失败 | 越南 - Hải Dương - 1
[2026-03-25 02:14:26.941] 🔌 连接失败 | 🇯🇵 日本 | JPN 4
[2026-03-25 02:14:26.945] 🔌 连接失败 | 日本 - 东京 - 29
[2026-03-25 02:14:26.954] Xray 启动失败 | 越南 - Hải Dương - 10
[2026-03-25 02:14:26.976] Xray 启动失败 | 越南 - Hải Dương - 11
[2026-03-25 02:14:26.980] 🔌 连接失败 | 新加坡 - 新加坡 - 1
[2026-03-25 02:14:26.985] Xray 启动失败 | 越南 - Hải Dương - 2
[2026-03-25 02:14:27.002] 🔌 连接失败 | 日本 - 东京 - 3
[2026-03-25 02:14:27.010] 🔌 连接失败 | 新加坡 - 新加坡 - 4
[2026-03-25 02:14:27.092] Xray 启动失败 | 越南 - Hải Dương - 3
[2026-03-25 02:14:27.198] Xray 启动失败 | 越南 - Hải Dương - 4
[2026-03-25 02:14:27.252] 🔌 连接失败 | 🇺🇸 美国 | USA 6
[2026-03-25 02:14:27.259] Xray 启动失败 | 越南 - Hải Dương - 5
[2026-03-25 02:14:27.264] Xray 启动失败 | 越南 - Hải Dương - 6
[2026-03-25 02:14:27.379] Xray 启动失败 | 越南 - Hải Dương - 7
[2026-03-25 02:14:27.408] Xray 启动失败 | 越南 - Hải Dương - 8
[2026-03-25 02:14:27.423] Xray 启动失败 | 越南 - Hải Dương - 9
[2026-03-25 02:14:27.603] 🔌 连接失败 | 新加坡 - 新加坡 - 2
[2026-03-25 02:14:27.653] 🔌 连接失败 | 新加坡 - 新加坡 - 3
[2026-03-25 02:14:27.684] 🔌 连接失败 | 🇺🇸 美国 | USA 8
[2026-03-25 02:14:27.730] 🔌 连接失败 | 🇺🇸 美国 | USA 7
[2026-03-25 02:14:27.743] 🔌 连接失败 | 新加坡 - 新加坡 - 5
[2026-03-25 02:14:27.758] 🔌 连接失败 | 新加坡 - 新加坡 - 6
[2026-03-25 02:14:27.928] Xray 启动失败 | 中国 - 香港 - 7
[2026-03-25 02:14:28.005] Xray 启动失败 | 中国 - 香港 - 8
[2026-03-25 02:14:28.084] 🔌 连接失败 | 爱尔兰 - 都柏林 - 3
[2026-03-25 02:14:28.156] Xray 启动失败 | 未知
[2026-03-25 02:14:28.375] 🔌 连接失败 | 中国 - 香港 - 1
[2026-03-25 02:14:28.414] Xray 启动失败 | 未知_1
[2026-03-25 02:14:28.485] Xray 启动失败 | 未知_2
[2026-03-25 02:14:28.492] 🔌 连接失败 | 中国 - 香港 - 2
[2026-03-25 02:14:28.566] Xray 启动失败 | 未知_3
[2026-03-25 02:14:28.609] 🔌 连接失败 | 法国 - 巴黎 - 4
[2026-03-25 02:14:28.734] 🔌 连接失败 | 法国 - 巴黎 - 5
[2026-03-25 02:14:28.745] Xray 启动失败 | 未知_4
[2026-03-25 02:14:28.809] 🔌 连接失败 | 中国 - 香港 - 3
[2026-03-25 02:14:28.810] 🔌 连接失败 | 韩国 - 首尔特别市 - 1
[2026-03-25 02:14:28.863] 🔌 连接失败 | 中国 - 香港 - 4
[2026-03-25 02:14:28.864] 🔌 连接失败 | 韩国 - 首尔特别市 - 3
[2026-03-25 02:14:28.883] Xray 启动失败 | 未知_5
[2026-03-25 02:14:28.929] 🔌 连接失败 | 中国 - 香港 - 6
[2026-03-25 02:14:29.026] Xray 启动失败 | 未知_6
[2026-03-25 02:14:29.228] Xray 启动失败 | 🇪🇸_ES_西班牙
[2026-03-25 02:14:29.238] Xray 启动失败 | 未知_7
[2026-03-25 02:14:29.301] Xray 启动失败 | 未知_8
[2026-03-25 02:14:29.471] 🔌 连接失败 | 🇨🇳_CN_中国_1
[2026-03-25 02:14:29.491] Xray 启动失败 | 香港節點
[2026-03-25 02:14:29.554] 🔌 连接失败 | 日本 - 东京 - 11
[2026-03-25 02:14:29.583] Xray 启动失败 | 🇭🇰HK香港
[2026-03-25 02:14:29.597] ✅ 成功 | 12586ms | 🇨🇳_CN_中国->🇺🇸_US_美国
[2026-03-25 02:14:29.612] Xray 启动失败 | 新加坡
[2026-03-25 02:14:29.650] 🔌 连接失败 | 日本 - 东京 - 12
[2026-03-25 02:14:29.668] Xray 启动失败 | 🇸🇬SG新加坡節點
[2026-03-25 02:14:29.724] 🔌 连接失败 | 日本 - 东京 - 13
[2026-03-25 02:14:29.725] 🔌 连接失败 | 日本 - 东京 - 14
[2026-03-25 02:14:29.749] Xray 启动失败 | 香港
[2026-03-25 02:14:29.790] 🔌 连接失败 | 🇺🇸_US_美国->🇸🇨_SC_塞舌尔
[2026-03-25 02:14:29.863] ✅ 成功 | 12850ms | 🇩🇪_DE_德国
[2026-03-25 02:14:29.872] Xray 启动失败 | 🇺🇸US
[2026-03-25 02:14:29.936] 🔌 连接失败 | undefined - undefined - 1
[2026-03-25 02:14:29.974] Xray 启动失败 | 日本
[2026-03-25 02:14:29.983] Xray 启动失败 | 🇨🇳TW臺灣節點
[2026-03-25 02:14:30.020] 🔌 连接失败 | 日本 - 东京 - 17
[2026-03-25 02:14:30.036] Xray 启动失败 | 🇯🇵JP
[2026-03-25 02:14:30.113] Xray 启动失败 | 🇩🇪DE德國
[2026-03-25 02:14:30.157] 🔌 连接失败 | 中国 - 香港 - 5
[2026-03-25 02:14:30.222] 🔌 连接失败 | 日本 - 东京 - 21
[2026-03-25 02:14:30.231] Xray 启动失败 | 德國
[2026-03-25 02:14:30.240] Xray 启动失败 | 🇺🇸US_24
[2026-03-25 02:14:30.312] Xray 启动失败 | 🇯🇵JP_1
[2026-03-25 02:14:30.344] Xray 启动失败 | 香港_1
[2026-03-25 02:14:30.377] ⏱ 超时 | 日本 - 东京 - 22
[2026-03-25 02:14:30.380] Xray 启动失败 | 🇸🇬SG新加坡
[2026-03-25 02:14:30.480] Xray 启动失败 | 🇭🇰HK
[2026-03-25 02:14:30.481] 🔌 连接失败 | 日本 - 东京 - 25
[2026-03-25 02:14:30.482] 🔌 连接失败 | 日本 - 东京 - 24
[2026-03-25 02:14:30.601] Xray 启动失败 | 🇯🇵JP日本節點
[2026-03-25 02:14:30.664] 🔌 连接失败 | 🇳🇱_NL_荷兰->🇺🇸_US_美国
[2026-03-25 02:14:30.714] Xray 启动失败 | 🇯🇵JP日本
[2026-03-25 02:14:30.722] Xray 启动失败 | 🇯🇵JP_2
[2026-03-25 02:14:30.772] Xray 启动失败 | 🇭🇰HK_1
[2026-03-25 02:14:30.773] 🔌 连接失败 | 日本 - 东京 - 28
[2026-03-25 02:14:30.847] Xray 启动失败 | 🇺🇸US_297
[2026-03-25 02:14:30.885] 🔌 连接失败 | 日本 - 东京 - 31
[2026-03-25 02:14:30.946] 🔌 连接失败 | 日本 - 东京 - 6
[2026-03-25 02:14:30.975] Xray 启动失败 | 🇺🇸US美國節點
[2026-03-25 02:14:30.984] Xray 启动失败 | 韓國
[2026-03-25 02:14:31.067] Xray 启动失败 | 🇮🇳IN印度
[2026-03-25 02:14:31.079] Xray 启动失败 | 🇺🇸US_美國
[2026-03-25 02:14:31.110] Xray 启动失败 | 🇩🇪DE德国
[2026-03-25 02:14:31.138] Xray 启动失败 | 印度
[2026-03-25 02:14:31.209] Xray 启动失败 | 德國_1
[2026-03-25 02:14:31.211] 🔌 连接失败 | 日本 - 东京 - 8
[2026-03-25 02:14:31.457] Xray 启动失败 | 🇺🇸US_美國_1
[2026-03-25 02:14:31.467] Xray 启动失败 | 🇺🇸US_290
[2026-03-25 02:14:31.502] Xray 启动失败 | 🇺🇸US_161
[2026-03-25 02:14:31.575] Xray 启动失败 | 🇺🇸US美國
[2026-03-25 02:14:31.693] 🔌 连接失败 | 印度尼西亚 - Kresek - 1
[2026-03-25 02:14:31.700] Xray 启动失败 | 🇩🇪DE德國_1
[2026-03-25 02:14:31.725] Xray 启动失败 | 瑞典🇸🇪SE
[2026-03-25 02:14:31.812] Xray 启动失败 | 🇺🇸US_27
[2026-03-25 02:14:31.835] Xray 启动失败 | 美國🇺🇸US
[2026-03-25 02:14:31.846] Xray 启动失败 | 🇸🇪SE瑞典節點
[2026-03-25 02:14:31.937] Xray 启动失败 | 🇰🇷KR韓國
[2026-03-25 02:14:32.071] Xray 启动失败 | 🇩🇪DE
[2026-03-25 02:14:32.198] Xray 启动失败 | 🇩🇪DE德国_1
[2026-03-25 02:14:32.208] Xray 启动失败 | 🇺🇸US_56
[2026-03-25 02:14:32.244] Xray 启动失败 | 🇺🇸US_243
[2026-03-25 02:14:32.305] Xray 启动失败 | 🇺🇸US_1
[2026-03-25 02:14:32.325] 🔌 连接失败 | 中国 - 香港 - 9
[2026-03-25 02:14:32.428] Xray 启动失败 | 🇺🇸US_235
[2026-03-25 02:14:32.458] Xray 启动失败 | 🇩🇪DE_1
[2026-03-25 02:14:32.537] Xray 启动失败 | 🇺🇸US_2
[2026-03-25 02:14:32.584] Xray 启动失败 | 德國_2
[2026-03-25 02:14:32.594] Xray 启动失败 | 🇺🇸US_133
[2026-03-25 02:14:32.619] Xray 启动失败 | 🇸🇬SG新加坡節點_1
[2026-03-25 02:14:32.671] Xray 启动失败 | 🇱🇻LV拉脫維亞
[2026-03-25 02:14:32.806] Xray 启动失败 | 德國🇩🇪DE
[2026-03-25 02:14:32.969] Xray 启动失败 | 🇩🇪DE_2
[2026-03-25 02:14:32.996] ✅ 成功 | 15869ms | 美國節點
[2026-03-25 02:14:33.037] Xray 启动失败 | 🇩🇪DE_3
[2026-03-25 02:14:33.156] Xray 启动失败 | 韓國_1
[2026-03-25 02:14:33.187] Xray 启动失败 | 🇩🇪DE_4
[2026-03-25 02:14:33.298] 🔌 连接失败 | 🇨🇳_CN_中国
[2026-03-25 02:14:33.325] Xray 启动失败 | 🇯🇵JP日本_1
[2026-03-25 02:14:33.333] Xray 启动失败 | 🇩🇪DE_5
[2026-03-25 02:14:33.358] Xray 启动失败 | 🇨🇦CA加拿大節點
[2026-03-25 02:14:33.398] ✅ 成功 | 16338ms | 美國_1
[2026-03-25 02:14:33.406] Xray 启动失败 | 荷蘭🇳🇱NL
[2026-03-25 02:14:33.499] 🔌 连接失败 | 🇧🇬_BG_保加利亚
[2026-03-25 02:14:33.535] Xray 启动失败 | 🇩🇪DE_6
[2026-03-25 02:14:33.670] 🔌 连接失败 | 🇩🇪_DE_德国_1
[2026-03-25 02:14:33.677] Xray 启动失败 | 芬蘭
[2026-03-25 02:14:33.721] Xray 启动失败 | 🇻🇳VN越南
[2026-03-25 02:14:33.723] Xray 启动失败 | 🇩🇪DE_7
[2026-03-25 02:14:33.768] Xray 启动失败 | 🇳🇱NL荷蘭
[2026-03-25 02:14:33.889] Xray 启动失败 | 🇩🇪DE_8
[2026-03-25 02:14:33.923] Xray 启动失败 | 🇩🇪DE_9
[2026-03-25 02:14:33.925] 🔌 连接失败 | 🇨🇳_CN_中国->🇺🇸_US_美国_1
[2026-03-25 02:14:33.995] Xray 启动失败 | 拉脫維亞節點
[2026-03-25 02:14:34.068] Xray 启动失败 | 🇩🇪DE_10
[2026-03-25 02:14:34.078] Xray 启动失败 | 拉脫維亞
[2026-03-25 02:14:34.101] Xray 启动失败 | 美国
[2026-03-25 02:14:34.137] 🔌 连接失败 | 🇨🇿_CZ_捷克->🇷🇺_RU_俄罗斯
[2026-03-25 02:14:34.138] Xray 启动失败 | 拉脫維亞_1
[2026-03-25 02:14:34.261] Xray 启动失败 | 🇱🇻LV拉脫維亞_1
[2026-03-25 02:14:34.401] 🔌 连接失败 | 🇺🇸_US_美国->🇸🇬_SG_新加坡
[2026-03-25 02:14:34.464] Xray 启动失败 | 🇮🇳IN印度節點
[2026-03-25 02:14:34.475] Xray 启动失败 | 🇯🇵JP_3
[2026-03-25 02:14:34.476] 🔌 连接失败 | 美國
[2026-03-25 02:14:34.503] Xray 启动失败 | 德國_3
[2026-03-25 02:14:34.515] Xray 启动失败 | 🇩🇪DE_11
[2026-03-25 02:14:34.618] Xray 启动失败 | 🇩🇪DE_12
[2026-03-25 02:14:34.662] Xray 启动失败 | 🇩🇪DE_13
[2026-03-25 02:14:34.722] Xray 启动失败 | 🇩🇪DE_14
[2026-03-25 02:14:34.813] Xray 启动失败 | 🇨🇳TW
[2026-03-25 02:14:34.837] Xray 启动失败 | 🇯🇵JP_4
[2026-03-25 02:14:34.872] Xray 启动失败 | 🇯🇵JP_5
[2026-03-25 02:14:35.212] Xray 启动失败 | 🇯🇵JP_7
[2026-03-25 02:14:35.352] Xray 启动失败 | 🇭🇰HK香港節點
[2026-03-25 02:14:35.398] Xray 启动失败 | 🇮🇳IN印度節點_1
[2026-03-25 02:14:35.398] 🔌 连接失败 | 美國_2
[2026-03-25 02:14:35.454] Xray 启动失败 | 🇰🇷KR韓國_1
[2026-03-25 02:14:35.536] Xray 启动失败 | 🇰🇷KR
[2026-03-25 02:14:35.576] Xray 启动失败 | 日本_1
[2026-03-25 02:14:35.580] Xray 启动失败 | 日本節點
[2026-03-25 02:14:35.608] Xray 启动失败 | 韓國_2
[2026-03-25 02:14:35.720] Xray 启动失败 | 🇯🇵JP_8
[2026-03-25 02:14:35.940] Xray 启动失败 | 🇰🇷KR_1
[2026-03-25 02:14:35.997] Xray 启动失败 | 臺灣
[2026-03-25 02:14:36.002] Xray 启动失败 | 🇰🇷KR_2
[2026-03-25 02:14:36.008] Xray 启动失败 | 🇰🇷KR_3
[2026-03-25 02:14:36.088] Xray 启动失败 | 印度_1
[2026-03-25 02:14:36.133] Xray 启动失败 | 🇰🇷KR_4
[2026-03-25 02:14:36.158] ✅ 成功 | 18715ms | 美國_4
[2026-03-25 02:14:36.183] Xray 启动失败 | 韓國_3
[2026-03-25 02:14:36.266] Xray 启动失败 | 🇰🇷KR_5
[2026-03-25 02:14:36.313] Xray 启动失败 | 新加坡_2
[2026-03-25 02:14:36.751] 🔌 连接失败 | US美国(mibei77.com 米贝节点分享) 4
[2026-03-25 02:14:36.823] Xray 启动失败 | US美国(mibei77.com 米贝节点分享) 8
[2026-03-25 02:14:36.875] Xray 启动失败 | HK香港(mibei77.com 米贝节点分享)
[2026-03-25 02:14:36.907] 🔌 连接失败 | 韓國節點
[2026-03-25 02:14:36.991] 🔌 连接失败 | US美国(mibei77.com 米贝节点分享) 7
[2026-03-25 02:14:37.056] Xray 启动失败 | HK香港(mibei77.com 米贝节点分享) 2
[2026-03-25 02:14:37.061] Xray 启动失败 | HK香港(mibei77.com 米贝节点分享) 3
[2026-03-25 02:14:37.139] 🔌 连接失败 | US美国(mibei77.com 米贝节点分享) 10
[2026-03-25 02:14:37.173] 🔌 连接失败 | FR法国(mibei77.com 米贝节点分享)
[2026-03-25 02:14:37.270] 🔌 连接失败 | FR法国(mibei77.com 米贝节点分享) 2
[2026-03-25 02:14:37.298] 🔌 连接失败 | US美国(mibei77.com 米贝节点分享) 13
[2026-03-25 02:14:37.388] 🔌 连接失败 | US美国(mibei77.com 米贝节点分享) 15
[2026-03-25 02:14:37.428] Xray 启动失败 | HK香港(mibei77.com 米贝节点分享) 4
[2026-03-25 02:14:37.518] Xray 启动失败 | HK香港(mibei77.com 米贝节点分享) 5
[2026-03-25 02:14:37.612] ✅ 成功 | 20033ms | US美国(mibei77.com 米贝节点分享)
[2026-03-25 02:14:37.633] ✅ 成功 | 20049ms | US美国(mibei77.com 米贝节点分享) 2
[2026-03-25 02:14:37.659] Xray 启动失败 | HK香港(mibei77.com 米贝节点分享) 6
[2026-03-25 02:14:37.733] 🔌 连接失败 | US美国(mibei77.com 米贝节点分享) 17
[2026-03-25 02:14:37.737] 🔌 连接失败 | US美国(mibei77.com 米贝节点分享) 19
[2026-03-25 02:14:37.740] 🔌 连接失败 | US美国(mibei77.com 米贝节点分享) 18
[2026-03-25 02:14:37.774] ✅ 成功 | 20180ms | US美国(mibei77.com 米贝节点分享) 6
[2026-03-25 02:14:37.826] Xray 启动失败 | HK香港(mibei77.com 米贝节点分享) 7
[2026-03-25 02:14:37.939] 🔌 连接失败 | US美国(mibei77.com 米贝节点分享) 24
[2026-03-25 02:14:37.940] 🔌 连接失败 | 🇦🇺_AU_澳大利亚->🇸🇬_SG_新加坡
[2026-03-25 02:14:37.999] 🔌 连接失败 | US美国(mibei77.com 米贝节点分享) 26
[2026-03-25 02:14:38.000] 🔌 连接失败 | 美國節點_1
[2026-03-25 02:14:38.039] 🔌 连接失败 | US美国(mibei77.com 米贝节点分享) 20
[2026-03-25 02:14:38.126] 🔌 连接失败 | US美国(mibei77.com 米贝节点分享) 30
[2026-03-25 02:14:38.251] 🔌 连接失败 | US美国(mibei77.com 米贝节点分享) 27
[2026-03-25 02:14:38.281] 🔌 连接失败 | 美國節點_2
[2026-03-25 02:14:38.283] Xray 启动失败 | US美国(mibei77.com 米贝节点分享) 32
[2026-03-25 02:14:38.305] Xray 启动失败 | HK香港(mibei77.com 米贝节点分享) 8
[2026-03-25 02:14:38.306] Xray 启动失败 | HK香港(mibei77.com 米贝节点分享) 9
[2026-03-25 02:14:38.316] Xray 启动失败 | HK香港(mibei77.com 米贝节点分享) 10
[2026-03-25 02:14:38.365] Xray 启动失败 | US美国(mibei77.com 米贝节点分享) 36
[2026-03-25 02:14:38.371] 🔌 连接失败 | US美国(mibei77.com 米贝节点分享) 31
[2026-03-25 02:14:38.562] Xray 启动失败 | HK香港(mibei77.com 米贝节点分享) 11
[2026-03-25 02:14:38.659] Xray 启动失败 | HK香港(mibei77.com 米贝节点分享) 12
[2026-03-25 02:14:38.671] 🔌 连接失败 | US美国(mibei77.com 米贝节点分享) 37
[2026-03-25 02:14:38.735] 🔌 连接失败 | US美国(mibei77.com 米贝节点分享) 39
[2026-03-25 02:14:38.737] 🔌 连接失败 | US美国(mibei77.com 米贝节点分享) 38
[2026-03-25 02:14:38.756] 🔌 连接失败 | FR法国(mibei77.com 米贝节点分享) 5
[2026-03-25 02:14:39.014] Xray 启动失败 | HK香港(mibei77.com 米贝节点分享) 13
[2026-03-25 02:14:39.048] Xray 启动失败 | US美国(mibei77.com 米贝节点分享) 44
[2026-03-25 02:14:39.068] Xray 启动失败 | HK香港(mibei77.com 米贝节点分享) 14
[2026-03-25 02:14:39.079] Xray 启动失败 | US美国(mibei77.com 米贝节点分享) 45
[2026-03-25 02:14:39.138] Xray 启动失败 | HK香港(mibei77.com 米贝节点分享) 15
[2026-03-25 02:14:39.169] 🔌 连接失败 | 美國節點_3
[2026-03-25 02:14:39.252] 🔌 连接失败 | FR法国(mibei77.com 米贝节点分享) 6
[2026-03-25 02:14:39.338] 🔌 连接失败 | US美国(mibei77.com 米贝节点分享) 46
[2026-03-25 02:14:39.400] 🔌 连接失败 | US美国(mibei77.com 米贝节点分享) 47
[2026-03-25 02:14:39.479] 🔌 连接失败 | AU澳大利亚(mibei77.com 米贝节点分享)
[2026-03-25 02:14:39.482] 🔌 连接失败 | AU澳大利亚(mibei77.com 米贝节点分享) 2
[2026-03-25 02:14:39.615] 🔌 连接失败 | AU澳大利亚(mibei77.com 米贝节点分享) 3
[2026-03-25 02:14:39.638] Xray 启动失败 | HK香港(mibei77.com 米贝节点分享) 16
[2026-03-25 02:14:39.784] Xray 启动失败 | HK香港(mibei77.com 米贝节点分享) 17
[2026-03-25 02:14:39.816] Xray 启动失败 | HK香港(mibei77.com 米贝节点分享) 18
[2026-03-25 02:14:39.849] 🔌 连接失败 | 韓國節點_1
[2026-03-25 02:14:39.937] Xray 启动失败 | US美国(mibei77.com 米贝节点分享) 55
[2026-03-25 02:14:39.987] 🔌 连接失败 | 亚太地区
[2026-03-25 02:14:40.137] Xray 启动失败 | HK香港(mibei77.com 米贝节点分享) 21
[2026-03-25 02:14:40.215] 🔌 连接失败 | US美国(mibei77.com 米贝节点分享) 57
[2026-03-25 02:14:40.264] 🔌 连接失败 | 伊朗
[2026-03-25 02:14:40.342] 🔌 连接失败 | FR法国(mibei77.com 米贝节点分享) 7
[2026-03-25 02:14:40.486] 🔌 连接失败 | FR法国(mibei77.com 米贝节点分享) 11
[2026-03-25 02:14:40.564] 🔌 连接失败 | AU澳大利亚(mibei77.com 米贝节点分享) 4
[2026-03-25 02:14:40.568] Xray 启动失败 | HK香港(mibei77.com 米贝节点分享) 22
[2026-03-25 02:14:40.606] 🔌 连接失败 | FR法国(mibei77.com 米贝节点分享) 12
[2026-03-25 02:14:40.643] 🔌 连接失败 | FR法国(mibei77.com 米贝节点分享) 9
[2026-03-25 02:14:40.680] 🔌 连接失败 | US美国(mibei77.com 米贝节点分享) 60
[2026-03-25 02:14:40.683] 🔌 连接失败 | AU澳大利亚(mibei77.com 米贝节点分享) 5
[2026-03-25 02:14:40.761] Xray 启动失败 | HK香港(mibei77.com 米贝节点分享) 23
[2026-03-25 02:14:40.806] 🔌 连接失败 | AU澳大利亚(mibei77.com 米贝节点分享) 6
[2026-03-25 02:14:40.863] Xray 启动失败 | HK香港(mibei77.com 米贝节点分享) 25
[2026-03-25 02:14:40.884] 🔌 连接失败 | AU澳大利亚(mibei77.com 米贝节点分享) 7
[2026-03-25 02:14:40.899] 🔌 连接失败 | US美国(mibei77.com 米贝节点分享) 63
[2026-03-25 02:14:41.011] 🔌 连接失败 | US美国(mibei77.com 米贝节点分享) 64
[2026-03-25 02:14:41.125] 🔌 连接失败 | FR法国(mibei77.com 米贝节点分享) 14
[2026-03-25 02:14:41.214] ✅ 成功 | 23595ms | US美国(mibei77.com 米贝节点分享) 12
[2026-03-25 02:14:41.290] 🔌 连接失败 | AU澳大利亚(mibei77.com 米贝节点分享) 8
[2026-03-25 02:14:41.326] 🔌 连接失败 | FR法国(mibei77.com 米贝节点分享) 10
[2026-03-25 02:14:41.414] Xray 启动失败 | HK香港(mibei77.com 米贝节点分享) 26
[2026-03-25 02:14:41.423] 🔌 连接失败 | US美国(mibei77.com 米贝节点分享) 68
[2026-03-25 02:14:41.534] 🔌 连接失败 | US美国(mibei77.com 米贝节点分享) 72
[2026-03-25 02:14:41.665] 🔌 连接失败 | US美国(mibei77.com 米贝节点分享) 75
[2026-03-25 02:14:41.690] 🔌 连接失败 | FR法国(mibei77.com 米贝节点分享) 16
[2026-03-25 02:14:41.801] 🔌 连接失败 | US美国(mibei77.com 米贝节点分享) 76
[2026-03-25 02:14:41.842] 🔌 连接失败 | FR法国(mibei77.com 米贝节点分享) 17
[2026-03-25 02:14:41.848] 🔌 连接失败 | US美国(mibei77.com 米贝节点分享) 65
[2026-03-25 02:14:41.864] 🔌 连接失败 | US美国(mibei77.com 米贝节点分享) 77
[2026-03-25 02:14:41.932] 🔌 连接失败 | FR法国(mibei77.com 米贝节点分享) 19
[2026-03-25 02:14:41.987] Xray 启动失败 | US美国(mibei77.com 米贝节点分享) 84
[2026-03-25 02:14:42.052] Xray 启动失败 | 8元老牌专线机场：cczzuu.top
[2026-03-25 02:14:42.280] 🔌 连接失败 | FR法国(mibei77.com 米贝节点分享) 18
[2026-03-25 02:14:42.480] 🔌 连接失败 | FR法国(mibei77.com 米贝节点分享) 20
[2026-03-25 02:14:42.576] 🔌 连接失败 | 🇯🇵 日本2|@stairnode
[2026-03-25 02:14:43.550] Xray 启动失败 | 🇺🇸_US_美国_1
[2026-03-25 02:14:43.655] 结束 | SG_8cad3_0035
[2026-03-25 02:14:43.655] 结束 | DE_8cad3_0007
[2026-03-25 02:14:43.658] 结束 | TW_8cad3_0036
[2026-03-25 02:14:43.659] 结束 | MD_8cad3_0028
[2026-03-25 02:14:43.659] 结束 | KR_8cad3_0020
[2026-03-25 02:14:43.660] 结束 | HK_8cad3_0010
[2026-03-25 02:14:43.661] 结束 | 🇩🇪 德国 | DEU 3
[2026-03-25 02:14:43.662] 结束 | 🇩🇪 德国 | DEU 4
[2026-03-25 02:14:43.663] 结束 | 🇯🇵 日本 | JPN
[2026-03-25 02:14:43.664] 结束 | 🇯🇵 日本 | JPN 3
[2026-03-25 02:14:43.665] 结束 | 🇯🇵 日本 | JPN 5
[2026-03-25 02:14:43.665] 结束 | 🇯🇵 日本 | JPN 2
[2026-03-25 02:14:43.667] 结束 | 🇯🇵 日本 | JPN 7
[2026-03-25 02:14:43.668] 结束 | 🇸🇪 瑞典 | SWE
[2026-03-25 02:14:43.668] 结束 | 🇸🇬 新加坡 | SGP
[2026-03-25 02:14:43.668] 结束 | 🇵🇹 葡萄牙 | PRT
[2026-03-25 02:14:43.669] 结束 | KR_8cad3_0022
[2026-03-25 02:14:43.670] 结束 | 🇯🇵 日本 | JPN 6
[2026-03-25 02:14:43.671] 结束 | IE_8cad3_0012
[2026-03-25 02:14:43.673] 结束 | KR_8cad3_0025
[2026-03-25 02:14:43.674] 结束 | KR_8cad3_0024
[2026-03-25 02:14:43.675] 结束 | KR_8cad3_0019
[2026-03-25 02:14:43.676] 结束 | KR_8cad3_0023
[2026-03-25 02:14:43.676] 结束 | US_8cad3_0065
[2026-03-25 02:14:43.678] 结束 | US_8cad3_0068
[2026-03-25 02:14:43.679] 结束 | 🇻🇳 越南 | VNM
[2026-03-25 02:14:43.680] 结束 | 🇻🇳 越南 | VNM 2
[2026-03-25 02:14:43.681] 结束 | 🇿🇦 南非 | ZAF
[2026-03-25 02:14:43.681] 结束 | AU_8cad3_0004
[2026-03-25 02:14:43.683] 结束 | AE_8cad3_0001
[2026-03-25 02:14:43.684] 结束 | AT_8cad3_0002
[2026-03-25 02:14:43.685] 结束 | GB_8cad3_0009
[2026-03-25 02:14:43.686] 结束 | IR_8cad3_0013
[2026-03-25 02:14:43.687] 结束 | AU_8cad3_0003
[2026-03-25 02:14:43.687] 结束 | CH_8cad3_0005
[2026-03-25 02:14:43.688] 结束 | FI_8cad3_0008
[2026-03-25 02:14:43.688] 结束 | CZ_8cad3_0006
[2026-03-25 02:14:43.691] 结束 | KR_8cad3_0016
[2026-03-25 02:14:43.692] 结束 | JP_8cad3_0015
[2026-03-25 02:14:43.693] 结束 | KR_8cad3_0021
[2026-03-25 02:14:43.694] 结束 | JP_8cad3_0014
[2026-03-25 02:14:43.695] 🔌 连接失败 | 🇺🇸 美国2|@stairnode
[2026-03-25 02:14:43.697] 结束 | KR_8cad3_0018
[2026-03-25 02:14:43.698] 结束 | KR_8cad3_0026
[2026-03-25 02:14:43.698] 结束 | US_8cad3_0066
[2026-03-25 02:14:43.700] 结束 | US_8cad3_0040
[2026-03-25 02:14:43.701] 结束 | US_8cad3_0037
[2026-03-25 02:14:43.702] 结束 | 爱尔兰 - 都柏林 - 1
[2026-03-25 02:14:43.703] 结束 | 爱尔兰 - 都柏林 - 4
[2026-03-25 02:14:43.704] 结束 | 爱尔兰 - 都柏林 - 2
[2026-03-25 02:14:43.705] 结束 | US_8cad3_0038
[2026-03-25 02:14:43.705] 结束 | SG_8cad3_0034
[2026-03-25 02:14:43.707] 结束 | KR_8cad3_0027
[2026-03-25 02:14:43.707] 结束 | PL_8cad3_0030
[2026-03-25 02:14:43.708] 结束 | 波兰 - 华沙 - 1
[2026-03-25 02:14:43.708] 结束 | US_8cad3_0039
[2026-03-25 02:14:43.709] 结束 | PL_8cad3_0029
[2026-03-25 02:14:43.709] 结束 | RU_8cad3_0033
[2026-03-25 02:14:43.710] 结束 | 韩国 - 首尔特别市 - 5
[2026-03-25 02:14:43.711] 结束 | 澳大利亚 - 悉尼 - 1
[2026-03-25 02:14:43.714] 结束 | 韩国 - 首尔特别市 - 4
[2026-03-25 02:14:43.715] 结束 | 波兰 - 华沙 - 3
[2026-03-25 02:14:43.715] 结束 | 克罗地亚 - 萨格勒布 - 1
[2026-03-25 02:14:43.719] 结束 | 韩国 - 首尔特别市 - 2
[2026-03-25 02:14:43.720] 结束 | 波兰 - 华沙 - 2
[2026-03-25 02:14:43.720] 结束 | 法国 - 巴黎 - 3
[2026-03-25 02:14:43.721] 结束 | US_8cad3_0041
[2026-03-25 02:14:43.722] 结束 | 法国 - 巴黎 - 2
[2026-03-25 02:14:43.723] 结束 | US_8cad3_0042
[2026-03-25 02:14:43.724] 结束 | 德国 - Frankfurt am Main - 1
[2026-03-25 02:14:43.724] 结束 | 法国 - 巴黎 - 1
[2026-03-25 02:14:43.725] 结束 | US_8cad3_0047
[2026-03-25 02:14:43.726] 结束 | US_8cad3_0043
[2026-03-25 02:14:43.728] 结束 | 韩国 - 首尔特别市 - 6
[2026-03-25 02:14:43.728] 结束 | US_8cad3_0056
[2026-03-25 02:14:43.729] 结束 | 🇩🇪 德国 | DEU
[2026-03-25 02:14:43.730] 结束 | 日本 - 东京 - 1
[2026-03-25 02:14:43.730] 结束 | US_8cad3_0046
[2026-03-25 02:14:43.731] 结束 | US_8cad3_0044
[2026-03-25 02:14:43.732] 结束 | US_8cad3_0045
[2026-03-25 02:14:43.733] 结束 | US_8cad3_0048
[2026-03-25 02:14:43.734] 结束 | 日本 - 东京 - 10
[2026-03-25 02:14:43.735] 结束 | US_8cad3_0052
[2026-03-25 02:14:43.736] 结束 | US_8cad3_0051
[2026-03-25 02:14:43.740] 结束 | US_8cad3_0050
[2026-03-25 02:14:43.740] 结束 | US_8cad3_0049
[2026-03-25 02:14:43.741] 结束 | US_8cad3_0057
[2026-03-25 02:14:43.742] 结束 | 美国 - 波特蘭 - 1
[2026-03-25 02:14:43.743] 结束 | 美国 - 华盛顿特区 - 2
[2026-03-25 02:14:43.744] 结束 | 美国 - 波特蘭 - 3
[2026-03-25 02:14:43.744] 结束 | US_8cad3_0069
[2026-03-25 02:14:43.745] 结束 | 🇹🇷 土耳其 | TUR
[2026-03-25 02:14:43.746] 结束 | 日本 - 东京 - 16
[2026-03-25 02:14:43.747] 结束 | US_8cad3_0053
[2026-03-25 02:14:43.747] 结束 | US_8cad3_0055
[2026-03-25 02:14:43.748] 结束 | 日本 - 东京 - 15
[2026-03-25 02:14:43.749] 结束 | US_8cad3_0054
[2026-03-25 02:14:43.750] 结束 | 日本 - 东京 - 19
[2026-03-25 02:14:43.750] 结束 | 日本 - 东京 - 18
[2026-03-25 02:14:43.751] 结束 | 日本 - 东京 - 20
[2026-03-25 02:14:43.752] 结束 | 日本 - 东京 - 2
[2026-03-25 02:14:43.755] 结束 | US_8cad3_0059
[2026-03-25 02:14:43.756] 结束 | US_8cad3_0060
[2026-03-25 02:14:43.757] 结束 | 日本 - 东京 - 23
[2026-03-25 02:14:43.758] 结束 | US_8cad3_0067
[2026-03-25 02:14:43.759] 结束 | 日本 - 东京 - 26
[2026-03-25 02:14:43.760] 结束 | 瑞典 - 斯德哥尔摩 - 1
[2026-03-25 02:14:43.760] 结束 | GOOGLE 01
[2026-03-25 02:14:43.761] 结束 | GOOGLE 02
[2026-03-25 02:14:43.762] 结束 | 日本 - 东京 - 27
[2026-03-25 02:14:43.762] 结束 | US_8cad3_0070
[2026-03-25 02:14:43.763] 结束 | 西班牙 - 马德里 - 1
[2026-03-25 02:14:43.765] 结束 | GOOGLE 08
[2026-03-25 02:14:43.766] 结束 | 日本 - 东京 - 5
[2026-03-25 02:14:43.766] 结束 | 日本 - 东京 - 7
[2026-03-25 02:14:43.767] 结束 | 日本 - 东京 - 9
[2026-03-25 02:14:43.768] 结束 | 🇺🇸 美国 | USA 10
[2026-03-25 02:14:43.769] 结束 | 🇯🇵 日本 | JPN 4
[2026-03-25 02:14:43.770] 结束 | 越南 - Hải Dương - 1
[2026-03-25 02:14:43.771] 结束 | 日本 - 东京 - 29
[2026-03-25 02:14:43.771] 结束 | 越南 - Hải Dương - 10
[2026-03-25 02:14:43.772] 结束 | 越南 - Hải Dương - 11
[2026-03-25 02:14:43.774] 结束 | 新加坡 - 新加坡 - 1
[2026-03-25 02:14:43.774] 结束 | 日本 - 东京 - 3
[2026-03-25 02:14:43.775] 结束 | 越南 - Hải Dương - 2
[2026-03-25 02:14:43.776] 结束 | 新加坡 - 新加坡 - 4
[2026-03-25 02:14:43.776] 结束 | 越南 - Hải Dương - 3
[2026-03-25 02:14:43.777] 结束 | 越南 - Hải Dương - 4
[2026-03-25 02:14:43.777] 结束 | 🇺🇸 美国 | USA 6
[2026-03-25 02:14:43.778] 结束 | 越南 - Hải Dương - 5
[2026-03-25 02:14:43.779] 结束 | 越南 - Hải Dương - 6
[2026-03-25 02:14:43.779] 结束 | 越南 - Hải Dương - 7
[2026-03-25 02:14:43.780] 结束 | 越南 - Hải Dương - 8
[2026-03-25 02:14:43.780] 结束 | 越南 - Hải Dương - 9
[2026-03-25 02:14:43.781] 结束 | 新加坡 - 新加坡 - 2
[2026-03-25 02:14:43.782] 结束 | 新加坡 - 新加坡 - 3
[2026-03-25 02:14:43.782] 结束 | 🇺🇸 美国 | USA 8
[2026-03-25 02:14:43.783] 结束 | 🇺🇸 美国 | USA 7
[2026-03-25 02:14:43.783] 结束 | 新加坡 - 新加坡 - 5
[2026-03-25 02:14:43.783] 结束 | 新加坡 - 新加坡 - 6
[2026-03-25 02:14:43.785] 结束 | 中国 - 香港 - 7
[2026-03-25 02:14:43.786] 结束 | 爱尔兰 - 都柏林 - 3
[2026-03-25 02:14:43.786] 结束 | 中国 - 香港 - 8
[2026-03-25 02:14:43.788] 结束 | 中国 - 香港 - 1
[2026-03-25 02:14:43.788] 结束 | 未知
[2026-03-25 02:14:43.789] 结束 | 未知_1
[2026-03-25 02:14:43.790] 结束 | 未知_2
[2026-03-25 02:14:43.791] 结束 | 中国 - 香港 - 2
[2026-03-25 02:14:43.792] 结束 | 未知_3
[2026-03-25 02:14:43.792] 结束 | 法国 - 巴黎 - 4
[2026-03-25 02:14:43.793] 结束 | 法国 - 巴黎 - 5
[2026-03-25 02:14:43.793] 结束 | 未知_4
[2026-03-25 02:14:43.794] 结束 | 中国 - 香港 - 3
[2026-03-25 02:14:43.798] 结束 | 韩国 - 首尔特别市 - 1
[2026-03-25 02:14:43.799] Xray 启动失败 | 未知_1
[2026-03-25 02:14:43.799] 结束 | 韩国 - 首尔特别市 - 3
[2026-03-25 02:14:43.802] 结束 | 中国 - 香港 - 4
[2026-03-25 02:14:43.802] 结束 | 未知_5
[2026-03-25 02:14:43.803] 结束 | 中国 - 香港 - 6
[2026-03-25 02:14:43.803] 结束 | 未知_6
[2026-03-25 02:14:43.804] 结束 | 🇪🇸_ES_西班牙
[2026-03-25 02:14:43.805] 结束 | 未知_8
[2026-03-25 02:14:43.805] 结束 | 未知_7
[2026-03-25 02:14:43.806] 结束 | 🇨🇳_CN_中国_1
[2026-03-25 02:14:43.807] 结束 | 香港節點
[2026-03-25 02:14:43.807] 结束 | 🇭🇰HK香港
[2026-03-25 02:14:43.808] 结束 | 日本 - 东京 - 11
[2026-03-25 02:14:43.808] 结束 | 🇨🇳_CN_中国->🇺🇸_US_美国
[2026-03-25 02:14:43.809] 结束 | 新加坡
[2026-03-25 02:14:43.810] 结束 | 日本 - 东京 - 12
[2026-03-25 02:14:43.810] 结束 | 🇸🇬SG新加坡節點
[2026-03-25 02:14:43.811] 结束 | 日本 - 东京 - 13
[2026-03-25 02:14:43.811] 结束 | 日本 - 东京 - 14
[2026-03-25 02:14:43.812] 结束 | 香港
[2026-03-25 02:14:43.813] 结束 | 🇺🇸_US_美国->🇸🇨_SC_塞舌尔
[2026-03-25 02:14:43.814] 结束 | 🇩🇪_DE_德国
[2026-03-25 02:14:43.814] 结束 | 🇺🇸US
[2026-03-25 02:14:43.815] 结束 | undefined - undefined - 1
[2026-03-25 02:14:43.815] 结束 | 日本
[2026-03-25 02:14:43.816] 结束 | 🇨🇳TW臺灣節點
[2026-03-25 02:14:43.817] 结束 | 日本 - 东京 - 17
[2026-03-25 02:14:43.818] 结束 | 🇯🇵JP
[2026-03-25 02:14:43.818] 结束 | 🇩🇪DE德國
[2026-03-25 02:14:43.819] 结束 | 中国 - 香港 - 5
[2026-03-25 02:14:43.819] 结束 | 日本 - 东京 - 21
[2026-03-25 02:14:43.820] 结束 | 德國
[2026-03-25 02:14:43.821] 结束 | 🇺🇸US_24
[2026-03-25 02:14:43.822] 结束 | 🇯🇵JP_1
[2026-03-25 02:14:43.822] 结束 | 香港_1
[2026-03-25 02:14:43.823] 结束 | 日本 - 东京 - 22
[2026-03-25 02:14:43.824] 结束 | 🇭🇰HK
[2026-03-25 02:14:43.824] 结束 | 🇸🇬SG新加坡
[2026-03-25 02:14:43.825] 结束 | 日本 - 东京 - 25
[2026-03-25 02:14:43.825] 结束 | 日本 - 东京 - 24
[2026-03-25 02:14:43.826] 结束 | 🇯🇵JP日本節點
[2026-03-25 02:14:43.827] 结束 | 🇳🇱_NL_荷兰->🇺🇸_US_美国
[2026-03-25 02:14:43.827] 结束 | 🇯🇵JP日本
[2026-03-25 02:14:43.828] 结束 | 🇯🇵JP_2
[2026-03-25 02:14:43.829] 结束 | 🇭🇰HK_1
[2026-03-25 02:14:43.829] 结束 | 🇺🇸US_297
[2026-03-25 02:14:43.830] 结束 | 日本 - 东京 - 28
[2026-03-25 02:14:43.830] 结束 | 日本 - 东京 - 31
[2026-03-25 02:14:43.831] 结束 | 日本 - 东京 - 6
[2026-03-25 02:14:43.831] 结束 | 韓國
[2026-03-25 02:14:43.833] 结束 | 🇺🇸US美國節點
[2026-03-25 02:14:43.833] 结束 | 🇮🇳IN印度
[2026-03-25 02:14:43.834] 结束 | 🇺🇸US_美國
[2026-03-25 02:14:43.834] 结束 | 🇩🇪DE德国
[2026-03-25 02:14:43.835] 结束 | 德國_1
[2026-03-25 02:14:43.836] 结束 | 印度
[2026-03-25 02:14:43.836] 结束 | 日本 - 东京 - 8
[2026-03-25 02:14:43.837] 结束 | 🇺🇸US_美國_1
[2026-03-25 02:14:43.838] 结束 | 🇺🇸US_290
[2026-03-25 02:14:43.838] 结束 | 🇺🇸US_161
[2026-03-25 02:14:43.839] 结束 | 🇺🇸US美國
[2026-03-25 02:14:43.840] 结束 | 印度尼西亚 - Kresek - 1
[2026-03-25 02:14:43.841] 结束 | 🇩🇪DE德國_1
[2026-03-25 02:14:43.841] 结束 | 瑞典🇸🇪SE
[2026-03-25 02:14:43.842] 结束 | 🇺🇸US_27
[2026-03-25 02:14:43.843] 结束 | 美國🇺🇸US
[2026-03-25 02:14:43.843] 结束 | 🇸🇪SE瑞典節點
[2026-03-25 02:14:43.844] 结束 | 🇩🇪DE
[2026-03-25 02:14:43.844] 结束 | 🇩🇪DE德国_1
[2026-03-25 02:14:43.845] 结束 | 🇰🇷KR韓國
[2026-03-25 02:14:43.846] 结束 | 🇺🇸US_56
[2026-03-25 02:14:43.846] 结束 | 🇺🇸US_243
[2026-03-25 02:14:43.846] 结束 | 🇺🇸US_1
[2026-03-25 02:14:43.848] 结束 | 中国 - 香港 - 9
[2026-03-25 02:14:43.848] 结束 | 🇺🇸US_235
[2026-03-25 02:14:43.849] 结束 | 🇩🇪DE_1
[2026-03-25 02:14:43.850] 结束 | 🇺🇸US_2
[2026-03-25 02:14:43.850] 结束 | 德國_2
[2026-03-25 02:14:43.850] 结束 | 🇺🇸US_133
[2026-03-25 02:14:43.851] 结束 | 🇸🇬SG新加坡節點_1
[2026-03-25 02:14:43.852] 结束 | 🇱🇻LV拉脫維亞
[2026-03-25 02:14:43.853] 结束 | 德國🇩🇪DE
[2026-03-25 02:14:43.853] 结束 | 美國節點
[2026-03-25 02:14:43.853] 结束 | 🇩🇪DE_2
[2026-03-25 02:14:43.853] 结束 | 🇩🇪DE_3
[2026-03-25 02:14:43.855] 结束 | 🇩🇪DE_4
[2026-03-25 02:14:43.855] 结束 | 韓國_1
[2026-03-25 02:14:43.856] 结束 | 🇨🇳_CN_中国
[2026-03-25 02:14:43.857] 结束 | 🇯🇵JP日本_1
[2026-03-25 02:14:43.858] 结束 | 🇩🇪DE_5
[2026-03-25 02:14:43.859] 结束 | 🇨🇦CA加拿大節點
[2026-03-25 02:14:43.860] 结束 | 美國_1
[2026-03-25 02:14:43.862] 结束 | 荷蘭🇳🇱NL
[2026-03-25 02:14:43.863] 结束 | 🇧🇬_BG_保加利亚
[2026-03-25 02:14:43.864] 结束 | 🇩🇪DE_6
[2026-03-25 02:14:43.865] 结束 | 🇩🇪_DE_德国_1
[2026-03-25 02:14:43.866] 结束 | 🇻🇳VN越南
[2026-03-25 02:14:43.866] 结束 | 芬蘭
[2026-03-25 02:14:43.868] 结束 | 🇩🇪DE_7
[2026-03-25 02:14:43.869] 结束 | 🇳🇱NL荷蘭
[2026-03-25 02:14:43.870] 结束 | 🇩🇪DE_8
[2026-03-25 02:14:43.871] 结束 | 🇩🇪DE_9
[2026-03-25 02:14:43.871] 结束 | 🇨🇳_CN_中国->🇺🇸_US_美国_1
[2026-03-25 02:14:43.873] 结束 | 拉脫維亞節點
[2026-03-25 02:14:43.873] 结束 | 拉脫維亞
[2026-03-25 02:14:43.874] 结束 | 🇩🇪DE_10
[2026-03-25 02:14:43.874] 结束 | 美国
[2026-03-25 02:14:43.875] 结束 | 🇨🇿_CZ_捷克->🇷🇺_RU_俄罗斯
[2026-03-25 02:14:43.875] 结束 | 拉脫維亞_1
[2026-03-25 02:14:43.876] 结束 | 🇱🇻LV拉脫維亞_1
[2026-03-25 02:14:43.877] 结束 | 🇺🇸_US_美国->🇸🇬_SG_新加坡
[2026-03-25 02:14:43.878] 结束 | 🇮🇳IN印度節點
[2026-03-25 02:14:43.878] 结束 | 🇯🇵JP_3
[2026-03-25 02:14:43.879] 结束 | 美國
[2026-03-25 02:14:43.879] 结束 | 德國_3
[2026-03-25 02:14:43.880] 结束 | 🇩🇪DE_11
[2026-03-25 02:14:43.880] 结束 | 🇩🇪DE_12
[2026-03-25 02:14:43.881] 结束 | 🇩🇪DE_13
[2026-03-25 02:14:43.881] 结束 | 🇩🇪DE_14
[2026-03-25 02:14:43.882] 结束 | 🇨🇳TW
[2026-03-25 02:14:43.882] 结束 | 🇯🇵JP_4
[2026-03-25 02:14:43.884] 结束 | 🇯🇵JP_5
[2026-03-25 02:14:43.884] 结束 | 🇯🇵JP_7
[2026-03-25 02:14:43.885] 结束 | 🇭🇰HK香港節點
[2026-03-25 02:14:43.885] 结束 | 🇮🇳IN印度節點_1
[2026-03-25 02:14:43.886] 结束 | 美國_2
[2026-03-25 02:14:43.887] 结束 | 🇰🇷KR韓國_1
[2026-03-25 02:14:43.887] 结束 | 🇰🇷KR
[2026-03-25 02:14:43.888] 结束 | 日本_1
[2026-03-25 02:14:43.889] 结束 | 日本節點
[2026-03-25 02:14:43.889] 结束 | 🇯🇵JP_8
[2026-03-25 02:14:43.890] 结束 | 韓國_2
[2026-03-25 02:14:43.890] 结束 | 🇰🇷KR_1
[2026-03-25 02:14:43.891] 结束 | 臺灣
[2026-03-25 02:14:43.892] 结束 | 🇰🇷KR_2
[2026-03-25 02:14:43.892] 结束 | 🇰🇷KR_3
[2026-03-25 02:14:43.892] 结束 | 印度_1
[2026-03-25 02:14:43.894] 结束 | 🇰🇷KR_4
[2026-03-25 02:14:43.894] 结束 | 美國_4
[2026-03-25 02:14:43.895] 结束 | 🇰🇷KR_5
[2026-03-25 02:14:43.896] 结束 | 韓國_3
[2026-03-25 02:14:43.897] 结束 | 新加坡_2
[2026-03-25 02:14:43.897] 结束 | US美国(mibei77.com 米贝节点分享) 4
[2026-03-25 02:14:43.900] 结束 | US美国(mibei77.com 米贝节点分享) 8
[2026-03-25 02:14:43.901] 结束 | HK香港(mibei77.com 米贝节点分享)
[2026-03-25 02:14:43.903] 结束 | 韓國節點
[2026-03-25 02:14:43.904] 结束 | US美国(mibei77.com 米贝节点分享) 7
[2026-03-25 02:14:43.905] 结束 | HK香港(mibei77.com 米贝节点分享) 3
[2026-03-25 02:14:43.906] 结束 | HK香港(mibei77.com 米贝节点分享) 2
[2026-03-25 02:14:43.906] 结束 | US美国(mibei77.com 米贝节点分享) 10
[2026-03-25 02:14:43.908] 结束 | FR法国(mibei77.com 米贝节点分享)
[2026-03-25 02:14:43.908] 结束 | FR法国(mibei77.com 米贝节点分享) 2
[2026-03-25 02:14:43.908] 结束 | US美国(mibei77.com 米贝节点分享) 13
[2026-03-25 02:14:43.909] 结束 | US美国(mibei77.com 米贝节点分享) 15
[2026-03-25 02:14:43.910] 结束 | HK香港(mibei77.com 米贝节点分享) 4
[2026-03-25 02:14:43.911] 结束 | HK香港(mibei77.com 米贝节点分享) 5
[2026-03-25 02:14:43.911] 结束 | US美国(mibei77.com 米贝节点分享)
[2026-03-25 02:14:43.911] 结束 | US美国(mibei77.com 米贝节点分享) 2
[2026-03-25 02:14:43.912] 结束 | HK香港(mibei77.com 米贝节点分享) 6
[2026-03-25 02:14:43.913] 结束 | US美国(mibei77.com 米贝节点分享) 17
[2026-03-25 02:14:43.913] 结束 | US美国(mibei77.com 米贝节点分享) 19
[2026-03-25 02:14:43.914] 结束 | US美国(mibei77.com 米贝节点分享) 18
[2026-03-25 02:14:43.914] 结束 | US美国(mibei77.com 米贝节点分享) 6
[2026-03-25 02:14:43.915] 结束 | US美国(mibei77.com 米贝节点分享) 24
[2026-03-25 02:14:43.916] 结束 | HK香港(mibei77.com 米贝节点分享) 7
[2026-03-25 02:14:43.917] 结束 | 🇦🇺_AU_澳大利亚->🇸🇬_SG_新加坡
[2026-03-25 02:14:43.917] 结束 | US美国(mibei77.com 米贝节点分享) 26
[2026-03-25 02:14:43.918] 结束 | 美國節點_1
[2026-03-25 02:14:43.918] 结束 | US美国(mibei77.com 米贝节点分享) 30
[2026-03-25 02:14:43.919] 结束 | US美国(mibei77.com 米贝节点分享) 20
[2026-03-25 02:14:43.920] 结束 | US美国(mibei77.com 米贝节点分享) 27
[2026-03-25 02:14:43.920] 结束 | 美國節點_2
[2026-03-25 02:14:43.921] 结束 | US美国(mibei77.com 米贝节点分享) 32
[2026-03-25 02:14:43.921] 结束 | HK香港(mibei77.com 米贝节点分享) 8
[2026-03-25 02:14:43.922] 结束 | HK香港(mibei77.com 米贝节点分享) 9
[2026-03-25 02:14:43.923] 结束 | US美国(mibei77.com 米贝节点分享) 36
[2026-03-25 02:14:43.923] 结束 | HK香港(mibei77.com 米贝节点分享) 10
[2026-03-25 02:14:43.924] 结束 | US美国(mibei77.com 米贝节点分享) 31
[2026-03-25 02:14:43.925] 结束 | HK香港(mibei77.com 米贝节点分享) 11
[2026-03-25 02:14:43.925] 结束 | HK香港(mibei77.com 米贝节点分享) 12
[2026-03-25 02:14:43.926] 结束 | US美国(mibei77.com 米贝节点分享) 37
[2026-03-25 02:14:43.927] 结束 | US美国(mibei77.com 米贝节点分享) 39
[2026-03-25 02:14:43.927] 结束 | US美国(mibei77.com 米贝节点分享) 38
[2026-03-25 02:14:43.928] 结束 | FR法国(mibei77.com 米贝节点分享) 5
[2026-03-25 02:14:43.929] 结束 | HK香港(mibei77.com 米贝节点分享) 13
[2026-03-25 02:14:43.929] 结束 | US美国(mibei77.com 米贝节点分享) 44
[2026-03-25 02:14:43.929] 结束 | HK香港(mibei77.com 米贝节点分享) 14
[2026-03-25 02:14:43.930] 结束 | US美国(mibei77.com 米贝节点分享) 45
[2026-03-25 02:14:43.931] 结束 | HK香港(mibei77.com 米贝节点分享) 15
[2026-03-25 02:14:43.931] 结束 | 美國節點_3
[2026-03-25 02:14:43.932] 结束 | FR法国(mibei77.com 米贝节点分享) 6
[2026-03-25 02:14:43.933] 结束 | US美国(mibei77.com 米贝节点分享) 46
[2026-03-25 02:14:43.935] 结束 | US美国(mibei77.com 米贝节点分享) 47
[2026-03-25 02:14:43.936] 结束 | AU澳大利亚(mibei77.com 米贝节点分享)
[2026-03-25 02:14:43.937] 结束 | AU澳大利亚(mibei77.com 米贝节点分享) 2
[2026-03-25 02:14:43.941] 结束 | AU澳大利亚(mibei77.com 米贝节点分享) 3
[2026-03-25 02:14:43.943] 结束 | HK香港(mibei77.com 米贝节点分享) 16
[2026-03-25 02:14:43.945] 结束 | HK香港(mibei77.com 米贝节点分享) 17
[2026-03-25 02:14:43.946] 结束 | HK香港(mibei77.com 米贝节点分享) 18
[2026-03-25 02:14:43.946] 结束 | 韓國節點_1
[2026-03-25 02:14:43.947] 结束 | 亚太地区
[2026-03-25 02:14:43.947] 结束 | US美国(mibei77.com 米贝节点分享) 55
[2026-03-25 02:14:43.948] 结束 | HK香港(mibei77.com 米贝节点分享) 21
[2026-03-25 02:14:43.949] 结束 | US美国(mibei77.com 米贝节点分享) 57
[2026-03-25 02:14:43.949] 结束 | 伊朗
[2026-03-25 02:14:43.950] 结束 | FR法国(mibei77.com 米贝节点分享) 7
[2026-03-25 02:14:43.951] 结束 | FR法国(mibei77.com 米贝节点分享) 11
[2026-03-25 02:14:43.951] 结束 | AU澳大利亚(mibei77.com 米贝节点分享) 4
[2026-03-25 02:14:43.952] 结束 | HK香港(mibei77.com 米贝节点分享) 22
[2026-03-25 02:14:43.952] 结束 | FR法国(mibei77.com 米贝节点分享) 9
[2026-03-25 02:14:43.952] 结束 | FR法国(mibei77.com 米贝节点分享) 12
[2026-03-25 02:14:43.953] 结束 | US美国(mibei77.com 米贝节点分享) 60
[2026-03-25 02:14:43.954] 结束 | AU澳大利亚(mibei77.com 米贝节点分享) 5
[2026-03-25 02:14:43.955] 结束 | AU澳大利亚(mibei77.com 米贝节点分享) 6
[2026-03-25 02:14:43.956] 结束 | HK香港(mibei77.com 米贝节点分享) 23
[2026-03-25 02:14:43.956] 结束 | AU澳大利亚(mibei77.com 米贝节点分享) 7
[2026-03-25 02:14:43.957] 结束 | HK香港(mibei77.com 米贝节点分享) 25
[2026-03-25 02:14:43.958] 结束 | US美国(mibei77.com 米贝节点分享) 63
[2026-03-25 02:14:43.958] 结束 | US美国(mibei77.com 米贝节点分享) 64
[2026-03-25 02:14:43.958] 结束 | FR法国(mibei77.com 米贝节点分享) 14
[2026-03-25 02:14:43.960] 结束 | US美国(mibei77.com 米贝节点分享) 12
[2026-03-25 02:14:43.960] 结束 | AU澳大利亚(mibei77.com 米贝节点分享) 8
[2026-03-25 02:14:43.960] 结束 | FR法国(mibei77.com 米贝节点分享) 10
[2026-03-25 02:14:43.961] 结束 | US美国(mibei77.com 米贝节点分享) 68
[2026-03-25 02:14:43.962] 结束 | HK香港(mibei77.com 米贝节点分享) 26
[2026-03-25 02:14:43.963] 结束 | US美国(mibei77.com 米贝节点分享) 72
[2026-03-25 02:14:43.963] 结束 | US美国(mibei77.com 米贝节点分享) 75
[2026-03-25 02:14:43.964] 结束 | FR法国(mibei77.com 米贝节点分享) 16
[2026-03-25 02:14:43.964] 结束 | US美国(mibei77.com 米贝节点分享) 76
[2026-03-25 02:14:43.964] 结束 | FR法国(mibei77.com 米贝节点分享) 17
[2026-03-25 02:14:43.966] 结束 | US美国(mibei77.com 米贝节点分享) 65
[2026-03-25 02:14:43.966] 结束 | US美国(mibei77.com 米贝节点分享) 77
[2026-03-25 02:14:43.967] 结束 | FR法国(mibei77.com 米贝节点分享) 19
[2026-03-25 02:14:43.968] 结束 | US美国(mibei77.com 米贝节点分享) 84
[2026-03-25 02:14:43.968] 结束 | 8元老牌专线机场：cczzuu.top
[2026-03-25 02:14:43.969] 结束 | FR法国(mibei77.com 米贝节点分享) 18
[2026-03-25 02:14:43.970] 结束 | FR法国(mibei77.com 米贝节点分享) 20
[2026-03-25 02:14:43.970] 结束 | 🇯🇵 日本2|@stairnode
[2026-03-25 02:14:43.971] 结束 | 🇺🇸_US_美国_1
[2026-03-25 02:14:43.972] 结束 | 🇺🇸 美国2|@stairnode
[2026-03-25 02:14:43.975] 结束 | 未知_1
[2026-03-25 02:14:43.976] 🔌 连接失败 | 🇭🇰 香港|@stairnode
[2026-03-25 02:14:43.980] Xray 启动失败 | 未知_2
[2026-03-25 02:14:43.984] 结束 | 🇭🇰 香港|@stairnode
[2026-03-25 02:14:43.986] 结束 | 未知_2
[2026-03-25 02:14:44.188] Xray 启动失败 | 🇺🇸_US_美国_3
[2026-03-25 02:14:44.193] 结束 | 🇺🇸_US_美国_3
[2026-03-25 02:14:44.324] 🔌 连接失败 | US美国(mibei77.com 米贝节点分享) 49
[2026-03-25 02:14:44.326] 结束 | US美国(mibei77.com 米贝节点分享) 49
[2026-03-25 02:14:44.764] 🔌 连接失败 | US美国(mibei77.com 米贝节点分享) 50
[2026-03-25 02:14:44.765] 结束 | US美国(mibei77.com 米贝节点分享) 50
[2026-03-25 02:14:45.028] 🔌 连接失败 | 🇩🇪_DE_德国
[2026-03-25 02:14:45.030] 结束 | 🇩🇪_DE_德国
[2026-03-25 02:14:45.258] 🔌 连接失败 | 🇳🇱_NL_荷兰
[2026-03-25 02:14:45.259] 🔌 连接失败 | 🇨🇿_CZ_捷克->🇧🇬_BG_保加利亚
[2026-03-25 02:14:45.260] 结束 | 🇳🇱_NL_荷兰
[2026-03-25 02:14:45.261] 结束 | 🇨🇿_CZ_捷克->🇧🇬_BG_保加利亚
[2026-03-25 02:14:45.739] 🔌 连接失败 | US美国(mibei77.com 米贝节点分享) 82
[2026-03-25 02:14:45.741] 结束 | US美国(mibei77.com 米贝节点分享) 82
[2026-03-25 02:14:46.272] 🔌 连接失败 | KR韩国(mibei77.com 米贝节点分享)
[2026-03-25 02:14:46.274] 结束 | KR韩国(mibei77.com 米贝节点分享)
[2026-03-25 02:14:47.164] 🔌 连接失败 | 🇭🇰 香港3|@stairnode
[2026-03-25 02:14:47.165] 🔌 连接失败 | 🇭🇰 香港5|@stairnode
[2026-03-25 02:14:47.166] 🔌 连接失败 | 🇭🇰 香港4|@stairnode
[2026-03-25 02:14:47.168] 结束 | 🇭🇰 香港3|@stairnode
[2026-03-25 02:14:47.169] 结束 | 🇭🇰 香港5|@stairnode
[2026-03-25 02:14:47.169] 结束 | 🇭🇰 香港4|@stairnode
[2026-03-25 02:14:47.243] 🔌 连接失败 | 🇯🇵 日本|@stairnode
[2026-03-25 02:14:47.245] 结束 | 🇯🇵 日本|@stairnode
[2026-03-25 02:14:47.398] 🔌 连接失败 | 🇸🇬 新加坡|@stairnode
[2026-03-25 02:14:47.399] 🔌 连接失败 | 🇯🇵 日本3|@stairnode
[2026-03-25 02:14:47.401] 结束 | 🇸🇬 新加坡|@stairnode
[2026-03-25 02:14:47.402] 结束 | 🇯🇵 日本3|@stairnode
[2026-03-25 02:14:47.584] 🔌 连接失败 | 🇸🇬 新加坡2|@stairnode
[2026-03-25 02:14:47.586] 结束 | 🇸🇬 新加坡2|@stairnode
[2026-03-25 02:14:47.691] 🔌 连接失败 | 🇸🇬 新加坡3|@stairnode
[2026-03-25 02:14:47.693] 结束 | 🇸🇬 新加坡3|@stairnode
[2026-03-25 02:14:47.737] 🔌 连接失败 | 🇺🇸 美国|@stairnode
[2026-03-25 02:14:47.739] 结束 | 🇺🇸 美国|@stairnode
[2026-03-25 02:14:47.815] 🔌 连接失败 | 🇺🇸 美国3|@stairnode
[2026-03-25 02:14:47.817] 结束 | 🇺🇸 美国3|@stairnode
[2026-03-25 02:14:47.910] 🔌 连接失败 | 🇺🇸_US_美国
[2026-03-25 02:14:47.912] 结束 | 🇺🇸_US_美国
[2026-03-25 02:14:47.942] 🔌 连接失败 | 🇰🇷_KR_韩国->🇰🇵_KP_朝鲜
[2026-03-25 02:14:47.944] 结束 | 🇰🇷_KR_韩国->🇰🇵_KP_朝鲜
[2026-03-25 02:14:47.988] 🔌 连接失败 | 🇰🇷_KR_韩国
[2026-03-25 02:14:47.990] 结束 | 🇰🇷_KR_韩国
[2026-03-25 02:14:48.032] 🔌 连接失败 | 🇺🇸_US_美国_2
[2026-03-25 02:14:48.033] 结束 | 🇺🇸_US_美国_2
[2026-03-25 02:14:48.176] 🔌 连接失败 | 🇰🇷_KR_韩国_1
[2026-03-25 02:14:48.178] 结束 | 🇰🇷_KR_韩国_1
[2026-03-25 02:14:48.317] 🔌 连接失败 | 🇸🇦_SA_沙特阿拉伯
[2026-03-25 02:14:48.319] 结束 | 🇸🇦_SA_沙特阿拉伯
[2026-03-25 02:14:48.427] 🔌 连接失败 | 未知
[2026-03-25 02:14:48.429] 结束 | 未知
[2026-03-25 02:14:48.474] 🔌 连接失败 | 🇰🇷_KR_韩国->🇰🇵_KP_朝鲜_1
[2026-03-25 02:14:48.477] 结束 | 🇰🇷_KR_韩国->🇰🇵_KP_朝鲜_1
[2026-03-25 02:14:48.551] 🔌 连接失败 | 🇳🇱_NL_荷兰_1
[2026-03-25 02:14:48.553] 结束 | 🇳🇱_NL_荷兰_1
[2026-03-25 02:14:48.662] 🔌 连接失败 | 🇪🇸_ES_西班牙
[2026-03-25 02:14:48.664] 结束 | 🇪🇸_ES_西班牙
[2026-03-25 02:14:48.726] 🔌 连接失败 | 🇰🇷_KR_韩国->🇰🇵_KP_朝鲜_2
[2026-03-25 02:14:48.728] 结束 | 🇰🇷_KR_韩国->🇰🇵_KP_朝鲜_2
[2026-03-25 02:14:48.994] 🔌 连接失败 | 🇰🇷_KR_韩国->🇰🇵_KP_朝鲜_3
[2026-03-25 02:14:48.995] 🔌 连接失败 | 🇰🇷_KR_韩国_2
[2026-03-25 02:14:48.998] 结束 | 🇰🇷_KR_韩国->🇰🇵_KP_朝鲜_3
[2026-03-25 02:14:48.998] 结束 | 🇰🇷_KR_韩国_2
[2026-03-25 02:14:49.041] 🔌 连接失败 | 🇩🇪_DE_德国_1
[2026-03-25 02:14:49.043] 结束 | 🇩🇪_DE_德国_1
[2026-03-25 02:14:49.166] 🔌 连接失败 | 🇰🇷_KR_韩国->🇰🇵_KP_朝鲜_4
[2026-03-25 02:14:49.168] 结束 | 🇰🇷_KR_韩国->🇰🇵_KP_朝鲜_4
[2026-03-25 02:14:49.308] 🔌 连接失败 | 🇷🇺_RU_俄罗斯->🇺🇸_US_美国
[2026-03-25 02:14:49.309] 🔌 连接失败 | 🇳🇱_NL_荷兰->🇵🇱_PL_波兰
[2026-03-25 02:14:49.311] 结束 | 🇷🇺_RU_俄罗斯->🇺🇸_US_美国
[2026-03-25 02:14:49.312] 结束 | 🇳🇱_NL_荷兰->🇵🇱_PL_波兰
[2026-03-25 02:14:49.350] 完成 | 可用=11
